#
# There is insufficient memory for the Java Runtime Environment to continue.
# Native memory allocation (malloc) failed to allocate 450704 bytes for Chunk::new
# Possible reasons:
#   The system is out of physical RAM or swap space
#   The process is running with CompressedOops enabled, and the Java Heap may be blocking the growth of the native heap
# Possible solutions:
#   Reduce memory load on the system
#   Increase physical memory or swap space
#   Check if swap backing store is full
#   Decrease Java heap size (-Xmx/-Xms)
#   Decrease number of Java threads
#   Decrease Java thread stack sizes (-Xss)
#   Set larger code cache with -XX:ReservedCodeCacheSize=
#   JVM is running with Unscaled Compressed Oops mode in which the Java heap is
#     placed in the first 4GB address space. The Java Heap base address is the
#     maximum limit for the native heap growth. Please use -XX:HeapBaseMinAddress
#     to set the Java Heap base and to place the Java Heap above 4GB virtual address.
# This output file may be truncated or incomplete.
#
#  Out of Memory Error (allocation.cpp:389), pid=5588, tid=0x00000000000051a4
#
# JRE version: OpenJDK Runtime Environment (8.0_242-b01) (build 1.8.0_242-release-1644-b01)
# Java VM: OpenJDK 64-Bit Server VM (25.242-b01 mixed mode windows-amd64 compressed oops)
# Failed to write core dump. Minidumps are not enabled by default on client versions of Windows
#

---------------  T H R E A D  ---------------

Current thread (0x0000000017df7800):  JavaThread "C2 CompilerThread0" daemon [_thread_in_native, id=20900, stack(0x0000000019440000,0x0000000019540000)]

Stack: [0x0000000019440000,0x0000000019540000]
[error occurred during error reporting (printing stack bounds), id 0xc0000005]

Native frames: (J=compiled Java code, j=interpreted, Vv=VM code, C=native code)


Current CompileTask:
C2:  35867 2613       4       groovy.lang.MetaClassImpl$1MOPIter::methodNameAction (325 bytes)


---------------  P R O C E S S  ---------------

Java Threads: ( => current thread )
  0x0000000017e0e800 JavaThread "Cache worker for file content cache (C:\Users\admin\.gradle\caches\6.5\fileContent)" [_thread_blocked, id=6120, stack(0x0000000022060000,0x0000000022160000)]
  0x0000000017e11800 JavaThread "jar transforms" [_thread_blocked, id=11060, stack(0x0000000021f60000,0x0000000022060000)]
  0x0000000017e0e000 JavaThread "Cache worker for execution history cache (C:\Users\admin\.gradle\caches\6.5\executionHistory)" [_thread_blocked, id=21348, stack(0x0000000021860000,0x0000000021960000)]
  0x0000000017e10000 JavaThread "Cache worker for cache directory md-rule (C:\Users\admin\.gradle\caches\6.5\md-rule)" [_thread_blocked, id=12444, stack(0x0000000021760000,0x0000000021860000)]
  0x0000000017e0c800 JavaThread "Cache worker for cache directory md-supplier (C:\Users\admin\.gradle\caches\6.5\md-supplier)" [_thread_blocked, id=20820, stack(0x0000000021660000,0x0000000021760000)]
  0x0000000017e13000 JavaThread "Cache worker for checksums cache (D:\NectarGit\Playdate\android_PlayDate\.gradle\checksums)" [_thread_blocked, id=11940, stack(0x0000000020300000,0x0000000020400000)]
  0x0000000017e0f800 JavaThread "Cache worker for file hash cache (D:\NectarGit\Playdate\android_PlayDate\.gradle\6.5\fileHashes)" [_thread_blocked, id=12664, stack(0x0000000020200000,0x0000000020300000)]
  0x0000000017e11000 JavaThread "Cache worker for file hash cache (C:\Users\admin\.gradle\caches\6.5\fileHashes)" [_thread_blocked, id=12972, stack(0x000000001dd60000,0x000000001de60000)]
  0x0000000017e0d000 JavaThread "File lock request listener" [_thread_in_native, id=20564, stack(0x000000001dc60000,0x000000001dd60000)]
  0x000000001a698800 JavaThread "Cache worker for journal cache (C:\Users\admin\.gradle\caches\journal-1)" [_thread_blocked, id=2400, stack(0x000000001cb90000,0x000000001cc90000)]
  0x000000001a13f800 JavaThread "Thread-9" [_thread_blocked, id=11932, stack(0x000000001c890000,0x000000001c990000)]
  0x0000000019fff000 JavaThread "Stdin handler" [_thread_blocked, id=19488, stack(0x000000001c790000,0x000000001c890000)]
  0x000000001a177000 JavaThread "Asynchronous log dispatcher for DefaultDaemonConnection: socket connection from /127.0.0.1:53018 to /127.0.0.1:53019" [_thread_blocked, id=18492, stack(0x000000001c690000,0x000000001c790000)]
  0x000000001acae800 JavaThread "Daemon worker" [_thread_in_vm, id=248, stack(0x000000001c590000,0x000000001c690000)]
  0x000000001a635000 JavaThread "Cancel handler" [_thread_blocked, id=22272, stack(0x000000001c490000,0x000000001c590000)]
  0x000000001afb3000 JavaThread "Handler for socket connection from /127.0.0.1:53018 to /127.0.0.1:53019" [_thread_in_native, id=20324, stack(0x000000001c390000,0x000000001c490000)]
  0x000000001afb2000 JavaThread "Daemon" [_thread_blocked, id=2184, stack(0x000000001c290000,0x000000001c390000)]
  0x000000001aca4800 JavaThread "Daemon periodic checks" [_thread_blocked, id=20276, stack(0x000000001bf90000,0x000000001c090000)]
  0x000000001a17e800 JavaThread "Incoming local TCP Connector on port 53018" [_thread_in_native, id=20132, stack(0x000000001bd50000,0x000000001be50000)]
  0x0000000019816000 JavaThread "Daemon health stats" [_thread_blocked, id=12500, stack(0x000000001b710000,0x000000001b810000)]
  0x0000000019778800 JavaThread "Service Thread" daemon [_thread_blocked, id=6676, stack(0x0000000019b40000,0x0000000019c40000)]
  0x0000000017e12800 JavaThread "C1 CompilerThread2" daemon [_thread_in_native, id=20460, stack(0x0000000019640000,0x0000000019740000)]
  0x0000000017dfe800 JavaThread "C2 CompilerThread1" daemon [_thread_in_native, id=18216, stack(0x0000000019540000,0x0000000019640000)]
=>0x0000000017df7800 JavaThread "C2 CompilerThread0" daemon [_thread_in_native, id=20900, stack(0x0000000019440000,0x0000000019540000)]
  0x0000000017df3000 JavaThread "Attach Listener" daemon [_thread_blocked, id=8468, stack(0x0000000019340000,0x0000000019440000)]
  0x0000000017df2000 JavaThread "Signal Dispatcher" daemon [_thread_blocked, id=19064, stack(0x0000000019240000,0x0000000019340000)]
  0x00000000031cb000 JavaThread "Finalizer" daemon [_thread_blocked, id=16984, stack(0x0000000019040000,0x0000000019140000)]
  0x0000000017dd9000 JavaThread "Reference Handler" daemon [_thread_blocked, id=17376, stack(0x0000000018f40000,0x0000000019040000)]
  0x0000000002fcd800 JavaThread "main" [_thread_blocked, id=18336, stack(0x0000000002fd0000,0x00000000030d0000)]

Other Threads:
  0x0000000017db6000 VMThread [stack: 0x0000000018e40000,0x0000000018f40000] [id=12004]
  0x0000000017e4e000 WatcherThread [stack: 0x0000000019c40000,0x0000000019d40000] [id=12956]

VM state:not at safepoint (normal execution)

VM Mutex/Monitor currently owned by a thread: None

heap address: 0x0000000080000000, size: 2048 MB, Compressed Oops mode: 32-bit
Narrow klass base: 0x0000000000000000, Narrow klass shift: 3
Compressed class space size: 1073741824 Address: 0x0000000100000000

Heap:
 PSYoungGen      total 110592K, used 7578K [0x00000000d5580000, 0x00000000dcd80000, 0x0000000100000000)
  eden space 98304K, 7% used [0x00000000d5580000,0x00000000d5ce6998,0x00000000db580000)
  from space 12288K, 0% used [0x00000000db580000,0x00000000db580000,0x00000000dc180000)
  to   space 11776K, 0% used [0x00000000dc180000,0x00000000dc180000,0x00000000dcd00000)
 ParOldGen       total 59392K, used 13928K [0x0000000080000000, 0x0000000083a00000, 0x00000000d5580000)
  object space 59392K, 23% used [0x0000000080000000,0x0000000080d9a138,0x0000000083a00000)
 Metaspace       used 34734K, capacity 35846K, committed 36136K, reserved 1081344K
  class space    used 4768K, capacity 5042K, committed 5168K, reserved 1048576K

Card table byte_map: [0x0000000012590000,0x00000000129a0000] byte_map_base: 0x0000000012190000

Marking Bits: (ParMarkBitMap*) 0x00000000701af030
 Begin Bits: [0x0000000013050000, 0x0000000015050000)
 End Bits:   [0x0000000015050000, 0x0000000017050000)

Polling page: 0x00000000016c0000

CodeCache: size=245760Kb used=10159Kb max_used=10159Kb free=235600Kb
 bounds [0x00000000031d0000, 0x0000000003bd0000, 0x00000000121d0000]
 total_blobs=3317 nmethods=2626 adapters=603
 compilation: enabled

Compilation events (10 events):
Event: 35.430 Thread 0x0000000017dfe800 nmethod 2790 0x0000000003ba1350 code [0x0000000003ba14a0, 0x0000000003ba1968]
Event: 35.430 Thread 0x0000000017dfe800 2791       4       java.util.zip.ZipFile$ZipFileInputStream::finalize (5 bytes)
Event: 35.431 Thread 0x0000000017dfe800 nmethod 2791 0x0000000003ba3c10 code [0x0000000003ba3d60, 0x0000000003ba3de8]
Event: 35.431 Thread 0x0000000017e12800 2792       1       org.slf4j.impl.StaticLoggerBinder::getLoggerFactory (5 bytes)
Event: 35.431 Thread 0x0000000017e12800 nmethod 2792 0x0000000003ba65d0 code [0x0000000003ba6720, 0x0000000003ba6830]
Event: 35.763 Thread 0x0000000017dfe800 2793       4       sun.security.provider.MD5::HH (29 bytes)
Event: 35.764 Thread 0x0000000017dfe800 nmethod 2793 0x0000000003ba2010 code [0x0000000003ba2140, 0x0000000003ba21b8]
Event: 35.764 Thread 0x0000000017dfe800 2794       4       sun.security.provider.MD5::II (31 bytes)
Event: 35.764 Thread 0x0000000017dfe800 nmethod 2794 0x0000000003ba1e10 code [0x0000000003ba1f40, 0x0000000003ba1fb8]
Event: 35.770 Thread 0x0000000017dfe800 2795   !   4       java.security.SecureClassLoader::getProtectionDomain (114 bytes)

GC Heap History (10 events):
Event: 30.997 GC heap before
{Heap before GC invocations=9 (full 1):
 PSYoungGen      total 43008K, used 32256K [0x00000000d5580000, 0x00000000da980000, 0x0000000100000000)
  eden space 32256K, 100% used [0x00000000d5580000,0x00000000d7500000,0x00000000d7500000)
  from space 10752K, 0% used [0x00000000d7500000,0x00000000d7500000,0x00000000d7f80000)
  to   space 10752K, 0% used [0x00000000d9f00000,0x00000000d9f00000,0x00000000da980000)
 ParOldGen       total 45568K, used 6654K [0x0000000080000000, 0x0000000082c80000, 0x00000000d5580000)
  object space 45568K, 14% used [0x0000000080000000,0x000000008067f9e0,0x0000000082c80000)
 Metaspace       used 22907K, capacity 23656K, committed 23728K, reserved 1069056K
  class space    used 3251K, capacity 3444K, committed 3504K, reserved 1048576K
Event: 31.023 GC heap after
Heap after GC invocations=9 (full 1):
 PSYoungGen      total 72192K, used 3021K [0x00000000d5580000, 0x00000000da800000, 0x0000000100000000)
  eden space 62976K, 0% used [0x00000000d5580000,0x00000000d5580000,0x00000000d9300000)
  from space 9216K, 32% used [0x00000000d9f00000,0x00000000da1f3638,0x00000000da800000)
  to   space 10752K, 0% used [0x00000000d9300000,0x00000000d9300000,0x00000000d9d80000)
 ParOldGen       total 45568K, used 6662K [0x0000000080000000, 0x0000000082c80000, 0x00000000d5580000)
  object space 45568K, 14% used [0x0000000080000000,0x00000000806819e0,0x0000000082c80000)
 Metaspace       used 22907K, capacity 23656K, committed 23728K, reserved 1069056K
  class space    used 3251K, capacity 3444K, committed 3504K, reserved 1048576K
}
Event: 34.131 GC heap before
{Heap before GC invocations=10 (full 1):
 PSYoungGen      total 72192K, used 65997K [0x00000000d5580000, 0x00000000da800000, 0x0000000100000000)
  eden space 62976K, 100% used [0x00000000d5580000,0x00000000d9300000,0x00000000d9300000)
  from space 9216K, 32% used [0x00000000d9f00000,0x00000000da1f3638,0x00000000da800000)
  to   space 10752K, 0% used [0x00000000d9300000,0x00000000d9300000,0x00000000d9d80000)
 ParOldGen       total 45568K, used 6662K [0x0000000080000000, 0x0000000082c80000, 0x00000000d5580000)
  object space 45568K, 14% used [0x0000000080000000,0x00000000806819e0,0x0000000082c80000)
 Metaspace       used 31377K, capacity 32310K, committed 32432K, reserved 1077248K
  class space    used 4249K, capacity 4468K, committed 4528K, reserved 1048576K
Event: 34.158 GC heap after
Heap after GC invocations=10 (full 1):
 PSYoungGen      total 73728K, used 9352K [0x00000000d5580000, 0x00000000dcd00000, 0x0000000100000000)
  eden space 62976K, 0% used [0x00000000d5580000,0x00000000d5580000,0x00000000d9300000)
  from space 10752K, 86% used [0x00000000d9300000,0x00000000d9c22298,0x00000000d9d80000)
  to   space 11776K, 0% used [0x00000000dc180000,0x00000000dc180000,0x00000000dcd00000)
 ParOldGen       total 45568K, used 6670K [0x0000000080000000, 0x0000000082c80000, 0x00000000d5580000)
  object space 45568K, 14% used [0x0000000080000000,0x00000000806839e0,0x0000000082c80000)
 Metaspace       used 31377K, capacity 32310K, committed 32432K, reserved 1077248K
  class space    used 4249K, capacity 4468K, committed 4528K, reserved 1048576K
}
Event: 35.396 GC heap before
{Heap before GC invocations=11 (full 1):
 PSYoungGen      total 73728K, used 72328K [0x00000000d5580000, 0x00000000dcd00000, 0x0000000100000000)
  eden space 62976K, 100% used [0x00000000d5580000,0x00000000d9300000,0x00000000d9300000)
  from space 10752K, 86% used [0x00000000d9300000,0x00000000d9c22298,0x00000000d9d80000)
  to   space 11776K, 0% used [0x00000000dc180000,0x00000000dc180000,0x00000000dcd00000)
 ParOldGen       total 45568K, used 6670K [0x0000000080000000, 0x0000000082c80000, 0x00000000d5580000)
  object space 45568K, 14% used [0x0000000080000000,0x00000000806839e0,0x0000000082c80000)
 Metaspace       used 34285K, capacity 35410K, committed 35496K, reserved 1079296K
  class space    used 4709K, capacity 5002K, committed 5040K, reserved 1048576K
Event: 35.422 GC heap after
Heap after GC invocations=11 (full 1):
 PSYoungGen      total 110080K, used 9197K [0x00000000d5580000, 0x00000000dcd80000, 0x0000000100000000)
  eden space 98304K, 0% used [0x00000000d5580000,0x00000000d5580000,0x00000000db580000)
  from space 11776K, 78% used [0x00000000dc180000,0x00000000dca7b640,0x00000000dcd00000)
  to   space 12288K, 0% used [0x00000000db580000,0x00000000db580000,0x00000000dc180000)
 ParOldGen       total 45568K, used 7450K [0x0000000080000000, 0x0000000082c80000, 0x00000000d5580000)
  object space 45568K, 16% used [0x0000000080000000,0x0000000080746b58,0x0000000082c80000)
 Metaspace       used 34285K, capacity 35410K, committed 35496K, reserved 1079296K
  class space    used 4709K, capacity 5002K, committed 5040K, reserved 1048576K
}
Event: 35.436 GC heap before
{Heap before GC invocations=12 (full 1):
 PSYoungGen      total 110080K, used 11117K [0x00000000d5580000, 0x00000000dcd80000, 0x0000000100000000)
  eden space 98304K, 1% used [0x00000000d5580000,0x00000000d575ff40,0x00000000db580000)
  from space 11776K, 78% used [0x00000000dc180000,0x00000000dca7b640,0x00000000dcd00000)
  to   space 12288K, 0% used [0x00000000db580000,0x00000000db580000,0x00000000dc180000)
 ParOldGen       total 45568K, used 7450K [0x0000000080000000, 0x0000000082c80000, 0x00000000d5580000)
  object space 45568K, 16% used [0x0000000080000000,0x0000000080746b58,0x0000000082c80000)
 Metaspace       used 34322K, capacity 35410K, committed 35496K, reserved 1079296K
  class space    used 4714K, capacity 5002K, committed 5040K, reserved 1048576K
Event: 35.453 GC heap after
Heap after GC invocations=12 (full 1):
 PSYoungGen      total 110592K, used 160K [0x00000000d5580000, 0x00000000dcd80000, 0x0000000100000000)
  eden space 98304K, 0% used [0x00000000d5580000,0x00000000d5580000,0x00000000db580000)
  from space 12288K, 1% used [0x00000000db580000,0x00000000db5a8000,0x00000000dc180000)
  to   space 11776K, 0% used [0x00000000dc180000,0x00000000dc180000,0x00000000dcd00000)
 ParOldGen       total 45568K, used 14070K [0x0000000080000000, 0x0000000082c80000, 0x00000000d5580000)
  object space 45568K, 30% used [0x0000000080000000,0x0000000080dbda88,0x0000000082c80000)
 Metaspace       used 34322K, capacity 35410K, committed 35496K, reserved 1079296K
  class space    used 4714K, capacity 5002K, committed 5040K, reserved 1048576K
}
Event: 35.454 GC heap before
{Heap before GC invocations=13 (full 2):
 PSYoungGen      total 110592K, used 160K [0x00000000d5580000, 0x00000000dcd80000, 0x0000000100000000)
  eden space 98304K, 0% used [0x00000000d5580000,0x00000000d5580000,0x00000000db580000)
  from space 12288K, 1% used [0x00000000db580000,0x00000000db5a8000,0x00000000dc180000)
  to   space 11776K, 0% used [0x00000000dc180000,0x00000000dc180000,0x00000000dcd00000)
 ParOldGen       total 45568K, used 14070K [0x0000000080000000, 0x0000000082c80000, 0x00000000d5580000)
  object space 45568K, 30% used [0x0000000080000000,0x0000000080dbda88,0x0000000082c80000)
 Metaspace       used 34322K, capacity 35410K, committed 35496K, reserved 1079296K
  class space    used 4714K, capacity 5002K, committed 5040K, reserved 1048576K
Event: 35.736 GC heap after
Heap after GC invocations=13 (full 2):
 PSYoungGen      total 110592K, used 0K [0x00000000d5580000, 0x00000000dcd80000, 0x0000000100000000)
  eden space 98304K, 0% used [0x00000000d5580000,0x00000000d5580000,0x00000000db580000)
  from space 12288K, 0% used [0x00000000db580000,0x00000000db580000,0x00000000dc180000)
  to   space 11776K, 0% used [0x00000000dc180000,0x00000000dc180000,0x00000000dcd00000)
 ParOldGen       total 59392K, used 13928K [0x0000000080000000, 0x0000000083a00000, 0x00000000d5580000)
  object space 59392K, 23% used [0x0000000080000000,0x0000000080d9a138,0x0000000083a00000)
 Metaspace       used 34322K, capacity 35410K, committed 35496K, reserved 1079296K
  class space    used 4714K, capacity 5002K, committed 5040K, reserved 1048576K
}

Deoptimization events (10 events):
Event: 31.216 Thread 0x000000001acae800 Uncommon trap: reason=unstable_if action=reinterpret pc=0x000000000376e5d0 method=java.util.HashMap.putVal(ILjava/lang/Object;Ljava/lang/Object;ZZ)Ljava/lang/Object; @ 162
Event: 32.519 Thread 0x000000001acae800 Uncommon trap: reason=unstable_if action=reinterpret pc=0x00000000036ceef4 method=java.net.URLClassLoader.defineClass(Ljava/lang/String;Lsun/misc/Resource;)Ljava/lang/Class; @ 21
Event: 32.523 Thread 0x000000001acae800 Uncommon trap: reason=unstable_if action=reinterpret pc=0x0000000003481834 method=java.lang.ClassLoader.getClassLoadingLock(Ljava/lang/String;)Ljava/lang/Object; @ 6
Event: 34.010 Thread 0x000000001acae800 Uncommon trap: reason=unstable_if action=reinterpret pc=0x000000000373c484 method=java.util.HashMap.getNode(ILjava/lang/Object;)Ljava/util/HashMap$Node; @ 53
Event: 34.160 Thread 0x0000000017dd9000 Uncommon trap: reason=unstable_if action=reinterpret pc=0x0000000003684e78 method=java.lang.ref.Reference.tryHandlePending(Z)Z @ 104
Event: 34.242 Thread 0x000000001acae800 Uncommon trap: reason=unstable_if action=reinterpret pc=0x0000000003a720b4 method=org.gradle.internal.reflect.PropertyAccessorType.isGetGetterName(Ljava/lang/String;)Z @ 14
Event: 34.305 Thread 0x000000001acae800 Uncommon trap: reason=unstable_if action=reinterpret pc=0x000000000383dd00 method=org.objectweb.asm.ByteVector.putShort(I)Lorg/objectweb/asm/ByteVector; @ 13
Event: 34.454 Thread 0x000000001a698800 Uncommon trap: reason=bimorphic action=maybe_recompile pc=0x00000000038eeee8 method=java.io.BufferedInputStream.read([BII)I @ 101
Event: 34.458 Thread 0x000000001acae800 Uncommon trap: reason=unstable_if action=reinterpret pc=0x00000000037210b8 method=java.net.URLClassLoader.defineClass(Ljava/lang/String;Lsun/misc/Resource;)Ljava/lang/Class; @ 21
Event: 34.600 Thread 0x000000001acae800 Uncommon trap: reason=unstable_if action=reinterpret pc=0x0000000003b07d0c method=org.codehaus.groovy.runtime.metaclass.MetaMethodIndex.addMethodToList(Ljava/lang/Object;Lgroovy/lang/MetaMethod;)Ljava/lang/Object; @ 226

Classes redefined (0 events):
No events

Internal exceptions (10 events):
Event: 35.115 Thread 0x000000001acae800 Exception <a 'java/lang/ClassNotFoundException': org/gradle/api/internal/artifacts/dsl/dependencies/DefaultDependencyHandlerBeanInfo> (0x00000000d8165348) thrown at [C:\src\AOSP-openjdk-git\hotspot\src\share\vm\classfile\systemDictionary.cpp, line 210]
Event: 35.117 Thread 0x000000001acae800 Exception <a 'java/lang/ClassNotFoundException': org/gradle/api/internal/artifacts/dsl/dependencies/DefaultDependencyHandlerCustomizer> (0x00000000d81becd8) thrown at [C:\src\AOSP-openjdk-git\hotspot\src\share\vm\classfile\systemDictionary.cpp, line 210]
Event: 35.121 Thread 0x000000001acae800 Exception <a 'java/lang/ClassNotFoundException': org/gradle/api/internal/artifacts/dsl/dependencies/DefaultDependencyHandler_DecoratedCustomizer> (0x00000000d8249ce0) thrown at [C:\src\AOSP-openjdk-git\hotspot\src\share\vm\classfile\systemDictionary.cpp, 
Event: 35.155 Thread 0x000000001acae800 Exception <a 'java/lang/ClassNotFoundException': groovy/lang/GString$1BeanInfo> (0x00000000d8427768) thrown at [C:\src\AOSP-openjdk-git\hotspot\src\share\vm\classfile\systemDictionary.cpp, line 210]
Event: 35.157 Thread 0x000000001acae800 Exception <a 'java/lang/ClassNotFoundException': groovy/lang/GStringBeanInfo> (0x00000000d8448bd8) thrown at [C:\src\AOSP-openjdk-git\hotspot\src\share\vm\classfile\systemDictionary.cpp, line 210]
Event: 35.158 Thread 0x000000001acae800 Exception <a 'java/lang/ClassNotFoundException': groovy/lang/GStringCustomizer> (0x00000000d846abc0) thrown at [C:\src\AOSP-openjdk-git\hotspot\src\share\vm\classfile\systemDictionary.cpp, line 210]
Event: 35.161 Thread 0x000000001acae800 Exception <a 'java/lang/ClassNotFoundException': groovy/lang/GString$1Customizer> (0x00000000d8499008) thrown at [C:\src\AOSP-openjdk-git\hotspot\src\share\vm\classfile\systemDictionary.cpp, line 210]
Event: 35.170 Thread 0x000000001acae800 Exception <a 'java/lang/ClassNotFoundException': org/codehaus/groovy/runtime/GStringImplBeanInfo> (0x00000000d8547e20) thrown at [C:\src\AOSP-openjdk-git\hotspot\src\share\vm\classfile\systemDictionary.cpp, line 210]
Event: 35.172 Thread 0x000000001acae800 Exception <a 'java/lang/ClassNotFoundException': org/codehaus/groovy/runtime/GStringImplCustomizer> (0x00000000d8573e88) thrown at [C:\src\AOSP-openjdk-git\hotspot\src\share\vm\classfile\systemDictionary.cpp, line 210]
Event: 35.270 Thread 0x000000001acae800 Exception <a 'java/lang/NoSuchMethodError': java.lang.Object.lambda$static$0(Lorg/gradle/api/internal/artifacts/configurations/MutationValidator$MutationType;)V> (0x00000000d8ab3720) thrown at [C:\src\AOSP-openjdk-git\hotspot\src\share\vm\interpreter\link

Events (10 events):
Event: 35.787 loading class org/gradle/api/internal/artifacts/ivyservice/resolveengine/ComponentResolversChain$ComponentMetaDataResolverChain
Event: 35.787 loading class org/gradle/api/internal/artifacts/ivyservice/resolveengine/ComponentResolversChain$ComponentMetaDataResolverChain done
Event: 35.788 loading class org/gradle/api/internal/artifacts/ivyservice/resolveengine/ComponentResolversChain$ArtifactResolverChain
Event: 35.788 loading class org/gradle/api/internal/artifacts/ivyservice/resolveengine/ComponentResolversChain$ArtifactResolverChain done
Event: 35.789 loading class org/gradle/internal/resolve/resolver/DefaultArtifactSelector
Event: 35.789 loading class org/gradle/internal/resolve/resolver/DefaultArtifactSelector done
Event: 35.795 loading class org/gradle/api/internal/artifacts/ivyservice/clientmodule/ClientModuleResolver
Event: 35.795 loading class org/gradle/api/internal/artifacts/ivyservice/clientmodule/ClientModuleResolver done
Event: 35.798 loading class org/gradle/api/internal/artifacts/ivyservice/resolveengine/DefaultArtifactDependencyResolver$DefaultResolveContextToComponentResolver
Event: 35.798 loading class org/gradle/api/internal/artifacts/ivyservice/resolveengine/DefaultArtifactDependencyResolver$DefaultResolveContextToComponentResolver done


Dynamic libraries:
0x00007ff717c60000 - 0x00007ff717c91000 	C:\Program Files\Android\Android Studio\jre\bin\java.exe
0x00007ffe98d50000 - 0x00007ffe98f45000 	C:\WINDOWS\SYSTEM32\ntdll.dll
0x00007ffe970f0000 - 0x00007ffe971ad000 	C:\WINDOWS\System32\KERNEL32.DLL
0x00007ffe96520000 - 0x00007ffe967e8000 	C:\WINDOWS\System32\KERNELBASE.dll
0x00007ffe98510000 - 0x00007ffe985bc000 	C:\WINDOWS\System32\ADVAPI32.dll
0x00007ffe972d0000 - 0x00007ffe9736e000 	C:\WINDOWS\System32\msvcrt.dll
0x00007ffe97230000 - 0x00007ffe972cb000 	C:\WINDOWS\System32\sechost.dll
0x00007ffe97c20000 - 0x00007ffe97d4b000 	C:\WINDOWS\System32\RPCRT4.dll
0x00007ffe974c0000 - 0x00007ffe97660000 	C:\WINDOWS\System32\USER32.dll
0x00007ffe96b30000 - 0x00007ffe96b52000 	C:\WINDOWS\System32\win32u.dll
0x00007ffe98220000 - 0x00007ffe9824a000 	C:\WINDOWS\System32\GDI32.dll
0x00007ffe967f0000 - 0x00007ffe968fb000 	C:\WINDOWS\System32\gdi32full.dll
0x00007ffe96b60000 - 0x00007ffe96bfd000 	C:\WINDOWS\System32\msvcp_win.dll
0x00007ffe96900000 - 0x00007ffe96a00000 	C:\WINDOWS\System32\ucrtbase.dll
0x00007ffe863d0000 - 0x00007ffe8666a000 	C:\WINDOWS\WinSxS\amd64_microsoft.windows.common-controls_6595b64144ccf1df_6.0.19041.844_none_ca00b6081b84eb1d\COMCTL32.dll
0x00007ffe979d0000 - 0x00007ffe97a00000 	C:\WINDOWS\System32\IMM32.DLL
0x000000006f900000 - 0x000000006f9d2000 	C:\Program Files\Android\Android Studio\jre\jre\bin\msvcr100.dll
0x000000006f9e0000 - 0x000000007022b000 	C:\Program Files\Android\Android Studio\jre\jre\bin\server\jvm.dll
0x00007ffe98300000 - 0x00007ffe98308000 	C:\WINDOWS\System32\PSAPI.DLL
0x00007ffe86eb0000 - 0x00007ffe86eb9000 	C:\WINDOWS\SYSTEM32\WSOCK32.dll
0x00007ffe97ad0000 - 0x00007ffe97b3b000 	C:\WINDOWS\System32\WS2_32.dll
0x00007ffe858b0000 - 0x00007ffe858ba000 	C:\WINDOWS\SYSTEM32\VERSION.dll
0x00007ffe877b0000 - 0x00007ffe877d7000 	C:\WINDOWS\SYSTEM32\WINMM.dll
0x00007ffe86e00000 - 0x00007ffe86e0f000 	C:\Program Files\Android\Android Studio\jre\jre\bin\verify.dll
0x00007ffe81370000 - 0x00007ffe81399000 	C:\Program Files\Android\Android Studio\jre\jre\bin\java.dll
0x00007ffe81670000 - 0x00007ffe81686000 	C:\Program Files\Android\Android Studio\jre\jre\bin\zip.dll
0x00007ffe985c0000 - 0x00007ffe98d02000 	C:\WINDOWS\System32\SHELL32.dll
0x00007ffe945d0000 - 0x00007ffe94d61000 	C:\WINDOWS\SYSTEM32\windows.storage.dll
0x00007ffe97660000 - 0x00007ffe979b5000 	C:\WINDOWS\System32\combase.dll
0x00007ffe95f00000 - 0x00007ffe95f2c000 	C:\WINDOWS\SYSTEM32\Wldp.dll
0x00007ffe98250000 - 0x00007ffe982fe000 	C:\WINDOWS\System32\SHCORE.dll
0x00007ffe98310000 - 0x00007ffe98365000 	C:\WINDOWS\System32\shlwapi.dll
0x00007ffe963d0000 - 0x00007ffe963ef000 	C:\WINDOWS\SYSTEM32\profapi.dll
0x00007ffe7ff00000 - 0x00007ffe7ff1a000 	C:\Program Files\Android\Android Studio\jre\jre\bin\net.dll
0x00007ffe95c70000 - 0x00007ffe95cda000 	C:\WINDOWS\system32\mswsock.dll
0x00007ffe7fdf0000 - 0x00007ffe7fe03000 	C:\Program Files\Android\Android Studio\jre\jre\bin\nio.dll
0x00007ffe81710000 - 0x00007ffe81737000 	C:\Users\admin\.gradle\native\f6784746aeab05261644944871eae4fe03e0ef1612fff0a4a95f87b438bc6780\windows-amd64\native-platform.dll
0x00007ffe81a60000 - 0x00007ffe81a6d000 	C:\Program Files\Android\Android Studio\jre\jre\bin\management.dll
0x00007ffe95e50000 - 0x00007ffe95e68000 	C:\WINDOWS\SYSTEM32\CRYPTSP.dll
0x00007ffe955a0000 - 0x00007ffe955d4000 	C:\WINDOWS\system32\rsaenh.dll
0x00007ffe96490000 - 0x00007ffe964b7000 	C:\WINDOWS\System32\bcrypt.dll
0x00007ffe96390000 - 0x00007ffe963be000 	C:\WINDOWS\SYSTEM32\USERENV.dll
0x00007ffe96a00000 - 0x00007ffe96a80000 	C:\WINDOWS\System32\bcryptprimitives.dll
0x00007ffe95e40000 - 0x00007ffe95e4c000 	C:\WINDOWS\SYSTEM32\CRYPTBASE.dll
0x00007ffe95910000 - 0x00007ffe9594b000 	C:\WINDOWS\SYSTEM32\IPHLPAPI.DLL
0x00007ffe979c0000 - 0x00007ffe979c8000 	C:\WINDOWS\System32\NSI.dll
0x00007ffe8d910000 - 0x00007ffe8d927000 	C:\WINDOWS\SYSTEM32\dhcpcsvc6.DLL
0x00007ffe8e5b0000 - 0x00007ffe8e5cd000 	C:\WINDOWS\SYSTEM32\dhcpcsvc.DLL
0x00007ffe95960000 - 0x00007ffe95a2c000 	C:\WINDOWS\SYSTEM32\DNSAPI.dll
0x00007ffe8eec0000 - 0x00007ffe8eecb000 	C:\WINDOWS\SYSTEM32\WINNSI.DLL

VM Arguments:
jvm_args: -Xmx2048m -Dfile.encoding=UTF-8 -Duser.country=US -Duser.language=en -Duser.variant 
java_command: org.gradle.launcher.daemon.bootstrap.GradleDaemon 6.5
java_class_path (initial): C:\Users\admin\.gradle\wrapper\dists\gradle-6.5-bin\6nifqtx7604sqp1q6g8wikw7p\gradle-6.5\lib\gradle-launcher-6.5.jar
Launcher Type: SUN_STANDARD

Environment Variables:
PATH=C:\WINDOWS\system32;C:\WINDOWS;C:\WINDOWS\System32\Wbem;C:\WINDOWS\System32\WindowsPowerShell\v1.0\;C:\WINDOWS\System32\OpenSSH\;C:\Program Files\Git\cmd;C:\Program Files\dotnet\;C:\Program Files (x86)\dotnet\;C:\Users\admin\AppData\Local\Microsoft\WindowsApps;C:\Users\admin\flutter\bin;;C:\Users\admin\AppData\Local\Programs\Microsoft VS Code\bin;C:\Users\admin\.dotnet\tools
USERNAME=admin
OS=Windows_NT
PROCESSOR_IDENTIFIER=Intel64 Family 6 Model 69 Stepping 1, GenuineIntel



---------------  S Y S T E M  ---------------

OS: Windows 10.0 , 64 bit Build 19041 (10.0.19041.928)

CPU:total 4 (initial active 4) (2 cores per cpu, 2 threads per core) family 6 model 69 stepping 1, cmov, cx8, fxsr, mmx, sse, sse2, sse3, ssse3, sse4.1, sse4.2, popcnt, avx, avx2, aes, clmul, erms, lzcnt, ht, tsc, tscinvbit, bmi1, bmi2

Memory: 4k page, physical 8318808k(1100392k free), swap 16616332k(1852k free)

vm_info: OpenJDK 64-Bit Server VM (25.242-b01) for windows-amd64 JRE (1.8.0_242-release-1644-b01), built by "builder" with MS VC++ 10.0 (VS2010)

time: Mon May 10 04:54:21 2021
timezone: India Standard Time
elapsed time: 35 seconds (0d 0h 0m 35s)

