#
# There is insufficient memory for the Java Runtime Environment to continue.
# Native memory allocation (malloc) failed to allocate 344176 bytes for Chunk::new
# Possible reasons:
#   The system is out of physical RAM or swap space
#   The process is running with CompressedOops enabled, and the Java Heap may be blocking the growth of the native heap
# Possible solutions:
#   Reduce memory load on the system
#   Increase physical memory or swap space
#   Check if swap backing store is full
#   Decrease Java heap size (-Xmx/-Xms)
#   Decrease number of Java threads
#   Decrease Java thread stack sizes (-Xss)
#   Set larger code cache with -XX:ReservedCodeCacheSize=
#   JVM is running with Unscaled Compressed Oops mode in which the Java heap is
#     placed in the first 4GB address space. The Java Heap base address is the
#     maximum limit for the native heap growth. Please use -XX:HeapBaseMinAddress
#     to set the Java Heap base and to place the Java Heap above 4GB virtual address.
# This output file may be truncated or incomplete.
#
#  Out of Memory Error (allocation.cpp:389), pid=6064, tid=0x0000000000004bd8
#
# JRE version: OpenJDK Runtime Environment (8.0_242-b01) (build 1.8.0_242-release-1644-b01)
# Java VM: OpenJDK 64-Bit Server VM (25.242-b01 mixed mode windows-amd64 compressed oops)
# Failed to write core dump. Minidumps are not enabled by default on client versions of Windows
#

---------------  T H R E A D  ---------------

Current thread (0x0000000017244000):  JavaThread "C2 CompilerThread0" daemon [_thread_in_native, id=19416, stack(0x0000000018890000,0x0000000018990000)]

Stack: [0x0000000018890000,0x0000000018990000]
[error occurred during error reporting (printing stack bounds), id 0xc0000005]

Native frames: (J=compiled Java code, j=interpreted, Vv=VM code, C=native code)


Current CompileTask:
C2:   8163 1523   !   4       java.net.URLClassLoader$1::run (63 bytes)


---------------  P R O C E S S  ---------------

Java Threads: ( => current thread )
  0x0000000017256000 JavaThread "Cache worker for file hash cache (C:\Users\admin\.gradle\caches\6.5\fileHashes)" [_thread_blocked, id=8056, stack(0x000000001d1b0000,0x000000001d2b0000)]
  0x0000000017257000 JavaThread "File lock request listener" [_thread_in_native, id=8028, stack(0x000000001d0b0000,0x000000001d1b0000)]
  0x0000000018e6e800 JavaThread "Cache worker for journal cache (C:\Users\admin\.gradle\caches\journal-1)" [_thread_blocked, id=14124, stack(0x000000001cfb0000,0x000000001d0b0000)]
  0x0000000018f75000 JavaThread "Thread-9" [_thread_blocked, id=6360, stack(0x000000001ccb0000,0x000000001cdb0000)]
  0x00000000197a3000 JavaThread "Stdin handler" [_thread_blocked, id=21196, stack(0x000000001cbb0000,0x000000001ccb0000)]
  0x0000000018e10800 JavaThread "Asynchronous log dispatcher for DefaultDaemonConnection: socket connection from /127.0.0.1:53041 to /127.0.0.1:53042" [_thread_blocked, id=15056, stack(0x000000001cab0000,0x000000001cbb0000)]
  0x0000000018e16800 JavaThread "Daemon worker" [_thread_in_native, id=12492, stack(0x000000001c9b0000,0x000000001cab0000)]
  0x0000000018e16000 JavaThread "Cancel handler" [_thread_blocked, id=22364, stack(0x000000001c8b0000,0x000000001c9b0000)]
  0x0000000018cfd000 JavaThread "Handler for socket connection from /127.0.0.1:53041 to /127.0.0.1:53042" [_thread_in_native, id=6808, stack(0x000000001c7b0000,0x000000001c8b0000)]
  0x0000000018cfa800 JavaThread "Daemon" [_thread_blocked, id=18596, stack(0x000000001c6b0000,0x000000001c7b0000)]
  0x000000001983d000 JavaThread "Daemon periodic checks" [_thread_blocked, id=11548, stack(0x000000001c3b0000,0x000000001c4b0000)]
  0x000000001983a800 JavaThread "Incoming local TCP Connector on port 53041" [_thread_in_native, id=21100, stack(0x000000001c170000,0x000000001c270000)]
  0x000000001abfa000 JavaThread "Daemon health stats" [_thread_blocked, id=1204, stack(0x000000001bb30000,0x000000001bc30000)]
  0x0000000018bc8800 JavaThread "Service Thread" daemon [_thread_blocked, id=18648, stack(0x0000000018f90000,0x0000000019090000)]
  0x000000001725a800 JavaThread "C1 CompilerThread2" daemon [_thread_blocked, id=6848, stack(0x0000000018a90000,0x0000000018b90000)]
  0x000000001724f800 JavaThread "C2 CompilerThread1" daemon [_thread_in_native, id=11528, stack(0x0000000018990000,0x0000000018a90000)]
=>0x0000000017244000 JavaThread "C2 CompilerThread0" daemon [_thread_in_native, id=19416, stack(0x0000000018890000,0x0000000018990000)]
  0x0000000017249800 JavaThread "Attach Listener" daemon [_thread_blocked, id=15952, stack(0x0000000018790000,0x0000000018890000)]
  0x0000000017246800 JavaThread "Signal Dispatcher" daemon [_thread_blocked, id=19364, stack(0x0000000018690000,0x0000000018790000)]
  0x000000000261c000 JavaThread "Finalizer" daemon [_thread_blocked, id=7720, stack(0x0000000018490000,0x0000000018590000)]
  0x0000000017229800 JavaThread "Reference Handler" daemon [_thread_blocked, id=14756, stack(0x0000000018390000,0x0000000018490000)]
  0x000000000251d800 JavaThread "main" [_thread_blocked, id=8656, stack(0x00000000023d0000,0x00000000024d0000)]

Other Threads:
  0x0000000017206000 VMThread [stack: 0x0000000018290000,0x0000000018390000] [id=11916]
  0x000000001729e800 WatcherThread [stack: 0x0000000019090000,0x0000000019190000] [id=9428]

VM state:not at safepoint (normal execution)

VM Mutex/Monitor currently owned by a thread: None

heap address: 0x0000000080000000, size: 2048 MB, Compressed Oops mode: 32-bit
Narrow klass base: 0x0000000000000000, Narrow klass shift: 3
Compressed class space size: 1073741824 Address: 0x0000000100000000

Heap:
 PSYoungGen      total 38400K, used 36099K [0x00000000d5580000, 0x00000000d8000000, 0x0000000100000000)
  eden space 33280K, 93% used [0x00000000d5580000,0x00000000d73c8d58,0x00000000d7600000)
  from space 5120K, 99% used [0x00000000d7b00000,0x00000000d7ff8220,0x00000000d8000000)
  to   space 5120K, 0% used [0x00000000d7600000,0x00000000d7600000,0x00000000d7b00000)
 ParOldGen       total 87552K, used 3522K [0x0000000080000000, 0x0000000085580000, 0x00000000d5580000)
  object space 87552K, 4% used [0x0000000080000000,0x0000000080370b28,0x0000000085580000)
 Metaspace       used 17615K, capacity 18236K, committed 18560K, reserved 1067008K
  class space    used 2413K, capacity 2628K, committed 2688K, reserved 1048576K

Card table byte_map: [0x00000000119e0000,0x0000000011df0000] byte_map_base: 0x00000000115e0000

Marking Bits: (ParMarkBitMap*) 0x00000000701af030
 Begin Bits: [0x00000000124a0000, 0x00000000144a0000)
 End Bits:   [0x00000000144a0000, 0x00000000164a0000)

Polling page: 0x00000000006a0000

CodeCache: size=245760Kb used=5052Kb max_used=5216Kb free=240707Kb
 bounds [0x0000000002620000, 0x0000000002b40000, 0x0000000011620000]
 total_blobs=1867 nmethods=1464 adapters=316
 compilation: enabled

Compilation events (10 events):
Event: 8.121 Thread 0x000000001725a800 1614       3       sun.misc.ProxyGenerator::code_aload (11 bytes)
Event: 8.122 Thread 0x000000001725a800 nmethod 1614 0x000000000285c990 code [0x000000000285cb00, 0x000000000285cca8]
Event: 8.122 Thread 0x000000001725a800 1615       1       sun.misc.ProxyGenerator::access$800 (5 bytes)
Event: 8.122 Thread 0x000000001725a800 nmethod 1615 0x000000000279a5d0 code [0x000000000279a720, 0x000000000279a810]
Event: 8.131 Thread 0x000000001725a800 1616       3       java.util.ArrayList::toArray (60 bytes)
Event: 8.131 Thread 0x000000001725a800 nmethod 1616 0x000000000285ff50 code [0x00000000028600e0, 0x0000000002860698]
Event: 8.152 Thread 0x000000001725a800 1617       3       org.gradle.internal.service.DefaultServiceRegistry$ManagedObjectServiceProvider::requiredBy (20 bytes)
Event: 8.153 Thread 0x000000001725a800 nmethod 1617 0x000000000281de50 code [0x000000000281dfe0, 0x000000000281e508]
Event: 8.153 Thread 0x000000001725a800 1618       3       org.gradle.internal.service.DefaultServiceRegistry::access$1500 (6 bytes)
Event: 8.153 Thread 0x000000001725a800 nmethod 1618 0x0000000002736d10 code [0x0000000002736e80, 0x0000000002736fe8]

GC Heap History (8 events):
Event: 1.930 GC heap before
{Heap before GC invocations=1 (full 0):
 PSYoungGen      total 38400K, used 33280K [0x00000000d5580000, 0x00000000d8000000, 0x0000000100000000)
  eden space 33280K, 100% used [0x00000000d5580000,0x00000000d7600000,0x00000000d7600000)
  from space 5120K, 0% used [0x00000000d7b00000,0x00000000d7b00000,0x00000000d8000000)
  to   space 5120K, 0% used [0x00000000d7600000,0x00000000d7600000,0x00000000d7b00000)
 ParOldGen       total 87552K, used 0K [0x0000000080000000, 0x0000000085580000, 0x00000000d5580000)
  object space 87552K, 0% used [0x0000000080000000,0x0000000080000000,0x0000000085580000)
 Metaspace       used 7228K, capacity 7446K, committed 7680K, reserved 1056768K
  class space    used 890K, capacity 973K, committed 1024K, reserved 1048576K
Event: 1.942 GC heap after
Heap after GC invocations=1 (full 0):
 PSYoungGen      total 38400K, used 4365K [0x00000000d5580000, 0x00000000d8000000, 0x0000000100000000)
  eden space 33280K, 0% used [0x00000000d5580000,0x00000000d5580000,0x00000000d7600000)
  from space 5120K, 85% used [0x00000000d7600000,0x00000000d7a43488,0x00000000d7b00000)
  to   space 5120K, 0% used [0x00000000d7b00000,0x00000000d7b00000,0x00000000d8000000)
 ParOldGen       total 87552K, used 8K [0x0000000080000000, 0x0000000085580000, 0x00000000d5580000)
  object space 87552K, 0% used [0x0000000080000000,0x0000000080002000,0x0000000085580000)
 Metaspace       used 7228K, capacity 7446K, committed 7680K, reserved 1056768K
  class space    used 890K, capacity 973K, committed 1024K, reserved 1048576K
}
Event: 4.895 GC heap before
{Heap before GC invocations=2 (full 0):
 PSYoungGen      total 38400K, used 37645K [0x00000000d5580000, 0x00000000d8000000, 0x0000000100000000)
  eden space 33280K, 100% used [0x00000000d5580000,0x00000000d7600000,0x00000000d7600000)
  from space 5120K, 85% used [0x00000000d7600000,0x00000000d7a43488,0x00000000d7b00000)
  to   space 5120K, 0% used [0x00000000d7b00000,0x00000000d7b00000,0x00000000d8000000)
 ParOldGen       total 87552K, used 8K [0x0000000080000000, 0x0000000085580000, 0x00000000d5580000)
  object space 87552K, 0% used [0x0000000080000000,0x0000000080002000,0x0000000085580000)
 Metaspace       used 7465K, capacity 7758K, committed 7936K, reserved 1056768K
  class space    used 915K, capacity 1013K, committed 1024K, reserved 1048576K
Event: 4.902 GC heap after
Heap after GC invocations=2 (full 0):
 PSYoungGen      total 38400K, used 3277K [0x00000000d5580000, 0x00000000d8000000, 0x0000000100000000)
  eden space 33280K, 0% used [0x00000000d5580000,0x00000000d5580000,0x00000000d7600000)
  from space 5120K, 64% used [0x00000000d7b00000,0x00000000d7e337e0,0x00000000d8000000)
  to   space 5120K, 0% used [0x00000000d7600000,0x00000000d7600000,0x00000000d7b00000)
 ParOldGen       total 87552K, used 16K [0x0000000080000000, 0x0000000085580000, 0x00000000d5580000)
  object space 87552K, 0% used [0x0000000080000000,0x0000000080004000,0x0000000085580000)
 Metaspace       used 7465K, capacity 7758K, committed 7936K, reserved 1056768K
  class space    used 915K, capacity 1013K, committed 1024K, reserved 1048576K
}
Event: 6.745 GC heap before
{Heap before GC invocations=3 (full 0):
 PSYoungGen      total 38400K, used 36557K [0x00000000d5580000, 0x00000000d8000000, 0x0000000100000000)
  eden space 33280K, 100% used [0x00000000d5580000,0x00000000d7600000,0x00000000d7600000)
  from space 5120K, 64% used [0x00000000d7b00000,0x00000000d7e337e0,0x00000000d8000000)
  to   space 5120K, 0% used [0x00000000d7600000,0x00000000d7600000,0x00000000d7b00000)
 ParOldGen       total 87552K, used 16K [0x0000000080000000, 0x0000000085580000, 0x00000000d5580000)
  object space 87552K, 0% used [0x0000000080000000,0x0000000080004000,0x0000000085580000)
 Metaspace       used 12196K, capacity 12500K, committed 12800K, reserved 1060864K
  class space    used 1628K, capacity 1726K, committed 1792K, reserved 1048576K
Event: 6.756 GC heap after
Heap after GC invocations=3 (full 0):
 PSYoungGen      total 38400K, used 5104K [0x00000000d5580000, 0x00000000d8000000, 0x0000000100000000)
  eden space 33280K, 0% used [0x00000000d5580000,0x00000000d5580000,0x00000000d7600000)
  from space 5120K, 99% used [0x00000000d7600000,0x00000000d7afc010,0x00000000d7b00000)
  to   space 5120K, 0% used [0x00000000d7b00000,0x00000000d7b00000,0x00000000d8000000)
 ParOldGen       total 87552K, used 1110K [0x0000000080000000, 0x0000000085580000, 0x00000000d5580000)
  object space 87552K, 1% used [0x0000000080000000,0x0000000080115860,0x0000000085580000)
 Metaspace       used 12196K, capacity 12500K, committed 12800K, reserved 1060864K
  class space    used 1628K, capacity 1726K, committed 1792K, reserved 1048576K
}
Event: 7.482 GC heap before
{Heap before GC invocations=4 (full 0):
 PSYoungGen      total 38400K, used 38384K [0x00000000d5580000, 0x00000000d8000000, 0x0000000100000000)
  eden space 33280K, 100% used [0x00000000d5580000,0x00000000d7600000,0x00000000d7600000)
  from space 5120K, 99% used [0x00000000d7600000,0x00000000d7afc010,0x00000000d7b00000)
  to   space 5120K, 0% used [0x00000000d7b00000,0x00000000d7b00000,0x00000000d8000000)
 ParOldGen       total 87552K, used 1110K [0x0000000080000000, 0x0000000085580000, 0x00000000d5580000)
  object space 87552K, 1% used [0x0000000080000000,0x0000000080115860,0x0000000085580000)
 Metaspace       used 15374K, capacity 15900K, committed 16128K, reserved 1062912K
  class space    used 2030K, capacity 2188K, committed 2304K, reserved 1048576K
Event: 7.494 GC heap after
Heap after GC invocations=4 (full 0):
 PSYoungGen      total 38400K, used 5088K [0x00000000d5580000, 0x00000000d8000000, 0x0000000100000000)
  eden space 33280K, 0% used [0x00000000d5580000,0x00000000d5580000,0x00000000d7600000)
  from space 5120K, 99% used [0x00000000d7b00000,0x00000000d7ff8220,0x00000000d8000000)
  to   space 5120K, 0% used [0x00000000d7600000,0x00000000d7600000,0x00000000d7b00000)
 ParOldGen       total 87552K, used 3522K [0x0000000080000000, 0x0000000085580000, 0x00000000d5580000)
  object space 87552K, 4% used [0x0000000080000000,0x0000000080370b28,0x0000000085580000)
 Metaspace       used 15374K, capacity 15900K, committed 16128K, reserved 1062912K
  class space    used 2030K, capacity 2188K, committed 2304K, reserved 1048576K
}

Deoptimization events (10 events):
Event: 7.266 Thread 0x0000000018e16800 Uncommon trap: reason=class_check action=maybe_recompile pc=0x00000000029625d8 method=java.util.regex.Matcher.match(II)Z @ 86
Event: 7.267 Thread 0x0000000018e16800 Uncommon trap: reason=class_check action=maybe_recompile pc=0x00000000029625d8 method=java.util.regex.Matcher.match(II)Z @ 86
Event: 7.267 Thread 0x0000000018e16800 Uncommon trap: reason=class_check action=maybe_recompile pc=0x00000000027e094c method=java.util.regex.Matcher.match(II)Z @ 86
Event: 7.478 Thread 0x0000000018e16800 Uncommon trap: reason=unstable_if action=reinterpret pc=0x000000000294c19c method=java.io.File.getName()Ljava/lang/String; @ 16
Event: 7.478 Thread 0x0000000018e16800 Uncommon trap: reason=unstable_if action=reinterpret pc=0x000000000294b294 method=java.lang.String.substring(I)Ljava/lang/String; @ 35
Event: 7.890 Thread 0x0000000018e16800 Uncommon trap: reason=unstable_if action=reinterpret pc=0x000000000294c870 method=java.util.LinkedHashMap.afterNodeInsertion(Z)V @ 1
Event: 7.892 Thread 0x0000000018e16800 Uncommon trap: reason=unstable_if action=reinterpret pc=0x0000000002896d44 method=java.util.HashMap.getNode(ILjava/lang/Object;)Ljava/util/HashMap$Node; @ 129
Event: 7.892 Thread 0x0000000018e16800 Uncommon trap: reason=bimorphic action=maybe_recompile pc=0x0000000002aefce4 method=java.util.HashMap.putVal(ILjava/lang/Object;Ljava/lang/Object;ZZ)Ljava/lang/Object; @ 203
Event: 7.897 Thread 0x0000000018e16800 Uncommon trap: reason=unstable_if action=reinterpret pc=0x0000000002871290 method=java.util.HashMap.getNode(ILjava/lang/Object;)Ljava/util/HashMap$Node; @ 129
Event: 7.897 Thread 0x0000000018e16800 Uncommon trap: reason=bimorphic action=maybe_recompile pc=0x0000000002aefce4 method=java.util.HashMap.putVal(ILjava/lang/Object;Ljava/lang/Object;ZZ)Ljava/lang/Object; @ 203

Classes redefined (0 events):
No events

Internal exceptions (10 events):
Event: 6.604 Thread 0x0000000018cfd000 Exception <a 'java/lang/NoSuchMethodError': <clinit>> (0x00000000d737be00) thrown at [C:\src\AOSP-openjdk-git\hotspot\src\share\vm\prims\jni.cpp, line 1615]
Event: 6.610 Thread 0x0000000018cfd000 Exception <a 'java/lang/NoSuchMethodError': <clinit>> (0x00000000d73903e8) thrown at [C:\src\AOSP-openjdk-git\hotspot\src\share\vm\prims\jni.cpp, line 1615]
Event: 6.634 Thread 0x0000000018cfd000 Exception <a 'java/lang/NoSuchMethodError': <clinit>> (0x00000000d73fdbb0) thrown at [C:\src\AOSP-openjdk-git\hotspot\src\share\vm\prims\jni.cpp, line 1615]
Event: 6.653 Thread 0x0000000018cfd000 Exception <a 'java/lang/NoSuchMethodError': <clinit>> (0x00000000d74380b8) thrown at [C:\src\AOSP-openjdk-git\hotspot\src\share\vm\prims\jni.cpp, line 1615]
Event: 6.681 Thread 0x0000000018cfd000 Exception <a 'java/lang/NoSuchMethodError': <clinit>> (0x00000000d746dda0) thrown at [C:\src\AOSP-openjdk-git\hotspot\src\share\vm\prims\jni.cpp, line 1615]
Event: 6.684 Thread 0x0000000018cfd000 Exception <a 'java/lang/NoSuchMethodError': <clinit>> (0x00000000d747a2d0) thrown at [C:\src\AOSP-openjdk-git\hotspot\src\share\vm\prims\jni.cpp, line 1615]
Event: 7.564 Thread 0x0000000018e16800 Exception <a 'java/lang/NoSuchMethodError': java.lang.Object.lambda$and$0(Ljava/util/function/Predicate;Ljava/lang/Object;)Z> (0x00000000d57257b8) thrown at [C:\src\AOSP-openjdk-git\hotspot\src\share\vm\interpreter\linkResolver.cpp, line 620]
Event: 7.575 Thread 0x0000000018e16800 Exception <a 'java/lang/IncompatibleClassChangeError': Found class java.lang.Object, but interface was expected> (0x00000000d5735ae0) thrown at [C:\src\AOSP-openjdk-git\hotspot\src\share\vm\interpreter\linkResolver.cpp, line 653]
Event: 7.579 Thread 0x0000000018e16800 Exception <a 'java/lang/NoSuchMethodError': java.lang.Object.lambda$or$2(Ljava/util/function/Predicate;Ljava/lang/Object;)Z> (0x00000000d573a630) thrown at [C:\src\AOSP-openjdk-git\hotspot\src\share\vm\interpreter\linkResolver.cpp, line 620]
Event: 8.011 Thread 0x0000000018e16800 Exception <a 'java/lang/NoSuchMethodError': java.lang.Object.lambda$static$0(Lorg/gradle/internal/state/ModelObject;)Ljava/lang/String;> (0x00000000d6ecd4a8) thrown at [C:\src\AOSP-openjdk-git\hotspot\src\share\vm\interpreter\linkResolver.cpp, line 620]

Events (10 events):
Event: 8.154 loading class org/gradle/composite/internal/plugins/CompositeBuildPluginResolverContributor
Event: 8.154 loading class org/gradle/composite/internal/plugins/CompositeBuildPluginResolverContributor done
Event: 8.155 loading class org/gradle/composite/internal/plugins/CompositeBuildPluginResolverContributor$Resolution
Event: 8.155 loading class org/gradle/composite/internal/plugins/CompositeBuildPluginResolverContributor$Resolution done
Event: 8.156 loading class org/gradle/api/internal/initialization/loadercache/DefaultClassLoaderCache
Event: 8.156 loading class org/gradle/api/internal/initialization/loadercache/DefaultClassLoaderCache done
Event: 8.158 loading class org/gradle/api/internal/initialization/loadercache/DefaultClassLoaderCache$ClassLoaderSpec
Event: 8.158 loading class org/gradle/api/internal/initialization/loadercache/DefaultClassLoaderCache$ClassLoaderSpec done
Event: 8.159 loading class org/gradle/api/internal/initialization/loadercache/DefaultClassLoaderCache$ManagedClassLoaderSpec
Event: 8.159 loading class org/gradle/api/internal/initialization/loadercache/DefaultClassLoaderCache$ManagedClassLoaderSpec done


Dynamic libraries:
0x00007ff6c6540000 - 0x00007ff6c6571000 	C:\Program Files\Android\Android Studio\jre\bin\java.exe
0x00007ffe98d50000 - 0x00007ffe98f45000 	C:\WINDOWS\SYSTEM32\ntdll.dll
0x00007ffe970f0000 - 0x00007ffe971ad000 	C:\WINDOWS\System32\KERNEL32.DLL
0x00007ffe96520000 - 0x00007ffe967e8000 	C:\WINDOWS\System32\KERNELBASE.dll
0x00007ffe98510000 - 0x00007ffe985bc000 	C:\WINDOWS\System32\ADVAPI32.dll
0x00007ffe972d0000 - 0x00007ffe9736e000 	C:\WINDOWS\System32\msvcrt.dll
0x00007ffe97230000 - 0x00007ffe972cb000 	C:\WINDOWS\System32\sechost.dll
0x00007ffe97c20000 - 0x00007ffe97d4b000 	C:\WINDOWS\System32\RPCRT4.dll
0x00007ffe974c0000 - 0x00007ffe97660000 	C:\WINDOWS\System32\USER32.dll
0x00007ffe96b30000 - 0x00007ffe96b52000 	C:\WINDOWS\System32\win32u.dll
0x00007ffe98220000 - 0x00007ffe9824a000 	C:\WINDOWS\System32\GDI32.dll
0x00007ffe967f0000 - 0x00007ffe968fb000 	C:\WINDOWS\System32\gdi32full.dll
0x00007ffe96b60000 - 0x00007ffe96bfd000 	C:\WINDOWS\System32\msvcp_win.dll
0x00007ffe96900000 - 0x00007ffe96a00000 	C:\WINDOWS\System32\ucrtbase.dll
0x00007ffe863d0000 - 0x00007ffe8666a000 	C:\WINDOWS\WinSxS\amd64_microsoft.windows.common-controls_6595b64144ccf1df_6.0.19041.844_none_ca00b6081b84eb1d\COMCTL32.dll
0x00007ffe979d0000 - 0x00007ffe97a00000 	C:\WINDOWS\System32\IMM32.DLL
0x000000006f900000 - 0x000000006f9d2000 	C:\Program Files\Android\Android Studio\jre\jre\bin\msvcr100.dll
0x000000006f9e0000 - 0x000000007022b000 	C:\Program Files\Android\Android Studio\jre\jre\bin\server\jvm.dll
0x00007ffe98300000 - 0x00007ffe98308000 	C:\WINDOWS\System32\PSAPI.DLL
0x00007ffe86eb0000 - 0x00007ffe86eb9000 	C:\WINDOWS\SYSTEM32\WSOCK32.dll
0x00007ffe877b0000 - 0x00007ffe877d7000 	C:\WINDOWS\SYSTEM32\WINMM.dll
0x00007ffe97ad0000 - 0x00007ffe97b3b000 	C:\WINDOWS\System32\WS2_32.dll
0x00007ffe858b0000 - 0x00007ffe858ba000 	C:\WINDOWS\SYSTEM32\VERSION.dll
0x00007ffe86e00000 - 0x00007ffe86e0f000 	C:\Program Files\Android\Android Studio\jre\jre\bin\verify.dll
0x00007ffe81370000 - 0x00007ffe81399000 	C:\Program Files\Android\Android Studio\jre\jre\bin\java.dll
0x00007ffe81670000 - 0x00007ffe81686000 	C:\Program Files\Android\Android Studio\jre\jre\bin\zip.dll
0x00007ffe985c0000 - 0x00007ffe98d02000 	C:\WINDOWS\System32\SHELL32.dll
0x00007ffe945d0000 - 0x00007ffe94d61000 	C:\WINDOWS\SYSTEM32\windows.storage.dll
0x00007ffe97660000 - 0x00007ffe979b5000 	C:\WINDOWS\System32\combase.dll
0x00007ffe95f00000 - 0x00007ffe95f2c000 	C:\WINDOWS\SYSTEM32\Wldp.dll
0x00007ffe98250000 - 0x00007ffe982fe000 	C:\WINDOWS\System32\SHCORE.dll
0x00007ffe98310000 - 0x00007ffe98365000 	C:\WINDOWS\System32\shlwapi.dll
0x00007ffe963d0000 - 0x00007ffe963ef000 	C:\WINDOWS\SYSTEM32\profapi.dll
0x00007ffe7ff00000 - 0x00007ffe7ff1a000 	C:\Program Files\Android\Android Studio\jre\jre\bin\net.dll
0x00007ffe95c70000 - 0x00007ffe95cda000 	C:\WINDOWS\system32\mswsock.dll
0x00007ffe7fdf0000 - 0x00007ffe7fe03000 	C:\Program Files\Android\Android Studio\jre\jre\bin\nio.dll
0x00007ffe81710000 - 0x00007ffe81737000 	C:\Users\admin\.gradle\native\f6784746aeab05261644944871eae4fe03e0ef1612fff0a4a95f87b438bc6780\windows-amd64\native-platform.dll
0x00007ffe81a60000 - 0x00007ffe81a6d000 	C:\Program Files\Android\Android Studio\jre\jre\bin\management.dll
0x00007ffe95e50000 - 0x00007ffe95e68000 	C:\WINDOWS\SYSTEM32\CRYPTSP.dll
0x00007ffe955a0000 - 0x00007ffe955d4000 	C:\WINDOWS\system32\rsaenh.dll
0x00007ffe96490000 - 0x00007ffe964b7000 	C:\WINDOWS\System32\bcrypt.dll
0x00007ffe96390000 - 0x00007ffe963be000 	C:\WINDOWS\SYSTEM32\USERENV.dll
0x00007ffe96a00000 - 0x00007ffe96a80000 	C:\WINDOWS\System32\bcryptprimitives.dll
0x00007ffe95e40000 - 0x00007ffe95e4c000 	C:\WINDOWS\SYSTEM32\CRYPTBASE.dll
0x00007ffe95910000 - 0x00007ffe9594b000 	C:\WINDOWS\SYSTEM32\IPHLPAPI.DLL
0x00007ffe979c0000 - 0x00007ffe979c8000 	C:\WINDOWS\System32\NSI.dll
0x00007ffe8d910000 - 0x00007ffe8d927000 	C:\WINDOWS\SYSTEM32\dhcpcsvc6.DLL
0x00007ffe8e5b0000 - 0x00007ffe8e5cd000 	C:\WINDOWS\SYSTEM32\dhcpcsvc.DLL
0x00007ffe95960000 - 0x00007ffe95a2c000 	C:\WINDOWS\SYSTEM32\DNSAPI.dll
0x00007ffe8eec0000 - 0x00007ffe8eecb000 	C:\WINDOWS\SYSTEM32\WINNSI.DLL

VM Arguments:
jvm_args: -Xmx2048m -Dfile.encoding=UTF-8 -Duser.country=US -Duser.language=en -Duser.variant 
java_command: org.gradle.launcher.daemon.bootstrap.GradleDaemon 6.5
java_class_path (initial): C:\Users\admin\.gradle\wrapper\dists\gradle-6.5-bin\6nifqtx7604sqp1q6g8wikw7p\gradle-6.5\lib\gradle-launcher-6.5.jar
Launcher Type: SUN_STANDARD

Environment Variables:
PATH=C:\WINDOWS\system32;C:\WINDOWS;C:\WINDOWS\System32\Wbem;C:\WINDOWS\System32\WindowsPowerShell\v1.0\;C:\WINDOWS\System32\OpenSSH\;C:\Program Files\Git\cmd;C:\Program Files\dotnet\;C:\Program Files (x86)\dotnet\;C:\Users\admin\AppData\Local\Microsoft\WindowsApps;C:\Users\admin\flutter\bin;;C:\Users\admin\AppData\Local\Programs\Microsoft VS Code\bin;C:\Users\admin\.dotnet\tools
USERNAME=admin
OS=Windows_NT
PROCESSOR_IDENTIFIER=Intel64 Family 6 Model 69 Stepping 1, GenuineIntel



---------------  S Y S T E M  ---------------

OS: Windows 10.0 , 64 bit Build 19041 (10.0.19041.928)

CPU:total 4 (initial active 4) (2 cores per cpu, 2 threads per core) family 6 model 69 stepping 1, cmov, cx8, fxsr, mmx, sse, sse2, sse3, ssse3, sse4.1, sse4.2, popcnt, avx, avx2, aes, clmul, erms, lzcnt, ht, tsc, tscinvbit, bmi1, bmi2

Memory: 4k page, physical 8318808k(391900k free), swap 16616332k(2676k free)

vm_info: OpenJDK 64-Bit Server VM (25.242-b01) for windows-amd64 JRE (1.8.0_242-release-1644-b01), built by "builder" with MS VC++ 10.0 (VS2010)

time: Mon May 10 04:55:51 2021
timezone: India Standard Time
elapsed time: 8 seconds (0d 0h 0m 8s)

