#
# There is insufficient memory for the Java Runtime Environment to continue.
# Native memory allocation (malloc) failed to allocate 848416 bytes for Chunk::new
# Possible reasons:
#   The system is out of physical RAM or swap space
#   The process is running with CompressedOops enabled, and the Java Heap may be blocking the growth of the native heap
# Possible solutions:
#   Reduce memory load on the system
#   Increase physical memory or swap space
#   Check if swap backing store is full
#   Decrease Java heap size (-Xmx/-Xms)
#   Decrease number of Java threads
#   Decrease Java thread stack sizes (-Xss)
#   Set larger code cache with -XX:ReservedCodeCacheSize=
#   JVM is running with Unscaled Compressed Oops mode in which the Java heap is
#     placed in the first 4GB address space. The Java Heap base address is the
#     maximum limit for the native heap growth. Please use -XX:HeapBaseMinAddress
#     to set the Java Heap base and to place the Java Heap above 4GB virtual address.
# This output file may be truncated or incomplete.
#
#  Out of Memory Error (allocation.cpp:389), pid=11088, tid=0x0000000000002ddc
#
# JRE version: OpenJDK Runtime Environment (8.0_242-b01) (build 1.8.0_242-release-1644-b01)
# Java VM: OpenJDK 64-Bit Server VM (25.242-b01 mixed mode windows-amd64 compressed oops)
# Failed to write core dump. Minidumps are not enabled by default on client versions of Windows
#

---------------  T H R E A D  ---------------

Current thread (0x0000000017c77800):  JavaThread "C2 CompilerThread0" daemon [_thread_in_native, id=11740, stack(0x00000000192d0000,0x00000000193d0000)]

Stack: [0x00000000192d0000,0x00000000193d0000]
[error occurred during error reporting (printing stack bounds), id 0xc0000005]

Native frames: (J=compiled Java code, j=interpreted, Vv=VM code, C=native code)


Current CompileTask:
C2: 786742 26733   !   4       com.android.ide.common.resources.ResourceSet::createFileAndItemsFromXml (583 bytes)


---------------  P R O C E S S  ---------------

Java Threads: ( => current thread )
  0x0000000020e44800 JavaThread "Cache worker for execution history cache (D:\NectarGit\Playdate\android_PlayDate\.gradle\6.5\executionHistory)" [_thread_blocked, id=22168, stack(0x00000000332a0000,0x00000000333a0000)]
  0x0000000020e43800 JavaThread "Execution worker for ':' Thread 3" [_thread_blocked, id=1684, stack(0x00000000331a0000,0x00000000332a0000)]
  0x0000000020e43000 JavaThread "Execution worker for ':' Thread 2" [_thread_blocked, id=15152, stack(0x0000000032ea0000,0x0000000032fa0000)]
  0x0000000020e42000 JavaThread "Execution worker for ':'" [_thread_blocked, id=22372, stack(0x0000000032da0000,0x0000000032ea0000)]
  0x0000000020e45000 JavaThread "Cache worker for file content cache (D:\NectarGit\Playdate\android_PlayDate\.gradle\6.5\fileContent)" [_thread_blocked, id=10328, stack(0x0000000032ca0000,0x0000000032da0000)]
  0x0000000020e41800 JavaThread "pool-7-thread-1" [_thread_blocked, id=11412, stack(0x0000000032ba0000,0x0000000032ca0000)]
  0x000000001a820800 JavaThread "Cache worker for Build Output Cleanup Cache (D:\NectarGit\Playdate\android_PlayDate\.gradle\buildOutputCleanup)" [_thread_blocked, id=13224, stack(0x0000000032aa0000,0x0000000032ba0000)]
  0x000000001a81f800 JavaThread "jar transforms Thread 345" [_thread_blocked, id=10516, stack(0x00000000329a0000,0x0000000032aa0000)]
  0x000000001a81f000 JavaThread "jar transforms Thread 344" [_thread_blocked, id=11100, stack(0x00000000328a0000,0x00000000329a0000)]
  0x000000001a81e000 JavaThread "jar transforms Thread 343" [_thread_blocked, id=20220, stack(0x00000000327a0000,0x00000000328a0000)]
  0x000000001a81d800 JavaThread "jar transforms Thread 342" [_thread_blocked, id=17840, stack(0x00000000326a0000,0x00000000327a0000)]
  0x000000001a821000 JavaThread "jar transforms Thread 341" [_thread_blocked, id=22404, stack(0x00000000325a0000,0x00000000326a0000)]
  0x000000001a81c800 JavaThread "jar transforms Thread 340" [_thread_blocked, id=14816, stack(0x00000000324a0000,0x00000000325a0000)]
  0x000000001a81b000 JavaThread "jar transforms Thread 339" [_thread_blocked, id=21260, stack(0x00000000323a0000,0x00000000324a0000)]
  0x000000001a816000 JavaThread "jar transforms Thread 338" [_thread_blocked, id=6688, stack(0x00000000322a0000,0x00000000323a0000)]
  0x000000001a81c000 JavaThread "jar transforms Thread 337" [_thread_blocked, id=22416, stack(0x00000000321a0000,0x00000000322a0000)]
  0x000000001a81a800 JavaThread "jar transforms Thread 336" [_thread_blocked, id=19732, stack(0x00000000320a0000,0x00000000321a0000)]
  0x000000001a818000 JavaThread "jar transforms Thread 335" [_thread_blocked, id=2164, stack(0x0000000031fa0000,0x00000000320a0000)]
  0x000000001a819800 JavaThread "jar transforms Thread 334" [_thread_blocked, id=12708, stack(0x0000000031ea0000,0x0000000031fa0000)]
  0x000000001a815000 JavaThread "jar transforms Thread 333" [_thread_blocked, id=20324, stack(0x0000000031da0000,0x0000000031ea0000)]
  0x000000001a812000 JavaThread "jar transforms Thread 332" [_thread_blocked, id=8612, stack(0x0000000031ca0000,0x0000000031da0000)]
  0x000000001a817800 JavaThread "jar transforms Thread 331" [_thread_blocked, id=17684, stack(0x0000000031ba0000,0x0000000031ca0000)]
  0x000000001a816800 JavaThread "jar transforms Thread 330" [_thread_blocked, id=21308, stack(0x0000000031aa0000,0x0000000031ba0000)]
  0x000000001a814800 JavaThread "jar transforms Thread 329" [_thread_blocked, id=18216, stack(0x00000000319a0000,0x0000000031aa0000)]
  0x000000001a813800 JavaThread "jar transforms Thread 328" [_thread_blocked, id=19512, stack(0x00000000318a0000,0x00000000319a0000)]
  0x000000001a813000 JavaThread "jar transforms Thread 327" [_thread_blocked, id=19488, stack(0x00000000317a0000,0x00000000318a0000)]
  0x000000001a819000 JavaThread "jar transforms Thread 326" [_thread_blocked, id=672, stack(0x00000000316a0000,0x00000000317a0000)]
  0x000000001b833800 JavaThread "jar transforms Thread 325" [_thread_blocked, id=22388, stack(0x00000000315a0000,0x00000000316a0000)]
  0x000000001b832000 JavaThread "jar transforms Thread 324" [_thread_blocked, id=22380, stack(0x00000000314a0000,0x00000000315a0000)]
  0x000000001b830800 JavaThread "jar transforms Thread 323" [_thread_blocked, id=3096, stack(0x00000000313a0000,0x00000000314a0000)]
  0x000000001b831000 JavaThread "jar transforms Thread 322" [_thread_blocked, id=21144, stack(0x00000000312a0000,0x00000000313a0000)]
  0x000000001b832800 JavaThread "jar transforms Thread 321" [_thread_blocked, id=19608, stack(0x00000000311a0000,0x00000000312a0000)]
  0x000000001f0dc000 JavaThread "jar transforms Thread 320" [_thread_blocked, id=10108, stack(0x00000000310a0000,0x00000000311a0000)]
  0x000000001f0db000 JavaThread "jar transforms Thread 319" [_thread_blocked, id=1372, stack(0x0000000030fa0000,0x00000000310a0000)]
  0x000000001f0da800 JavaThread "jar transforms Thread 318" [_thread_blocked, id=21200, stack(0x0000000030ea0000,0x0000000030fa0000)]
  0x000000001f0d9800 JavaThread "jar transforms Thread 317" [_thread_blocked, id=21828, stack(0x0000000030da0000,0x0000000030ea0000)]
  0x000000001f0cf000 JavaThread "jar transforms Thread 316" [_thread_blocked, id=21128, stack(0x0000000030ca0000,0x0000000030da0000)]
  0x000000001f0d2000 JavaThread "jar transforms Thread 315" [_thread_blocked, id=14120, stack(0x0000000030ba0000,0x0000000030ca0000)]
  0x000000001f0d0800 JavaThread "jar transforms Thread 314" [_thread_blocked, id=11120, stack(0x0000000030aa0000,0x0000000030ba0000)]
  0x000000001f0d5000 JavaThread "jar transforms Thread 313" [_thread_blocked, id=21208, stack(0x00000000309a0000,0x0000000030aa0000)]
  0x000000001fdf5000 JavaThread "jar transforms Thread 312" [_thread_blocked, id=12704, stack(0x00000000308a0000,0x00000000309a0000)]
  0x000000001fdf7800 JavaThread "jar transforms Thread 311" [_thread_blocked, id=17604, stack(0x00000000307a0000,0x00000000308a0000)]
  0x000000001fdf6800 JavaThread "jar transforms Thread 310" [_thread_blocked, id=8656, stack(0x00000000306a0000,0x00000000307a0000)]
  0x000000001fded800 JavaThread "jar transforms Thread 309" [_thread_blocked, id=16356, stack(0x00000000305a0000,0x00000000306a0000)]
  0x000000001fdec800 JavaThread "jar transforms Thread 308" [_thread_blocked, id=6016, stack(0x00000000304a0000,0x00000000305a0000)]
  0x000000001fdf3800 JavaThread "jar transforms Thread 307" [_thread_blocked, id=16420, stack(0x00000000303a0000,0x00000000304a0000)]
  0x000000001fdf2000 JavaThread "jar transforms Thread 306" [_thread_blocked, id=17216, stack(0x00000000302a0000,0x00000000303a0000)]
  0x000000001fdf0000 JavaThread "jar transforms Thread 305" [_thread_blocked, id=18140, stack(0x00000000301a0000,0x00000000302a0000)]
  0x000000001fdf1800 JavaThread "jar transforms Thread 304" [_thread_blocked, id=20996, stack(0x00000000300a0000,0x00000000301a0000)]
  0x000000001fde9800 JavaThread "jar transforms Thread 303" [_thread_blocked, id=14984, stack(0x000000002ffa0000,0x00000000300a0000)]
  0x000000001fdef000 JavaThread "jar transforms Thread 302" [_thread_blocked, id=21048, stack(0x000000002fea0000,0x000000002ffa0000)]
  0x000000001fdeb000 JavaThread "jar transforms Thread 301" [_thread_blocked, id=16860, stack(0x000000002fda0000,0x000000002fea0000)]
  0x000000001eb56000 JavaThread "jar transforms Thread 300" [_thread_blocked, id=17692, stack(0x000000002fca0000,0x000000002fda0000)]
  0x000000001eb54800 JavaThread "jar transforms Thread 299" [_thread_blocked, id=18608, stack(0x000000002fba0000,0x000000002fca0000)]
  0x000000001eb53000 JavaThread "jar transforms Thread 298" [_thread_blocked, id=20292, stack(0x000000002faa0000,0x000000002fba0000)]
  0x000000001eb51800 JavaThread "jar transforms Thread 297" [_thread_blocked, id=2348, stack(0x000000002f9a0000,0x000000002faa0000)]
  0x000000001eb52800 JavaThread "jar transforms Thread 296" [_thread_blocked, id=11620, stack(0x000000002f8a0000,0x000000002f9a0000)]
  0x000000001eb54000 JavaThread "jar transforms Thread 295" [_thread_blocked, id=11680, stack(0x000000002eba0000,0x000000002eca0000)]
  0x000000001eb4a000 JavaThread "jar transforms Thread 294" [_thread_blocked, id=20288, stack(0x000000002e9a0000,0x000000002eaa0000)]
  0x000000001eb4f800 JavaThread "jar transforms Thread 293" [_thread_blocked, id=11060, stack(0x000000002e3a0000,0x000000002e4a0000)]
  0x000000001eb4b800 JavaThread "jar transforms Thread 292" [_thread_blocked, id=7984, stack(0x000000002db80000,0x000000002dc80000)]
  0x000000001eb4a800 JavaThread "jar transforms Thread 291" [_thread_blocked, id=3308, stack(0x000000002da80000,0x000000002db80000)]
  0x000000001eb4e800 JavaThread "jar transforms Thread 290" [_thread_blocked, id=22224, stack(0x000000002d980000,0x000000002da80000)]
  0x000000001eb51000 JavaThread "jar transforms Thread 289" [_thread_blocked, id=14068, stack(0x000000002d880000,0x000000002d980000)]
  0x000000001eb4c800 JavaThread "jar transforms Thread 288" [_thread_blocked, id=14212, stack(0x000000002d780000,0x000000002d880000)]
  0x000000001eb49000 JavaThread "jar transforms Thread 287" [_thread_blocked, id=14164, stack(0x000000002c0b0000,0x000000002c1b0000)]
  0x000000001eb50000 JavaThread "jar transforms Thread 286" [_thread_blocked, id=22228, stack(0x000000002bdb0000,0x000000002beb0000)]
  0x000000001ec6b800 JavaThread "jar transforms Thread 285" [_thread_blocked, id=19792, stack(0x000000002bcb0000,0x000000002bdb0000)]
  0x000000001ec6a800 JavaThread "jar transforms Thread 284" [_thread_blocked, id=7604, stack(0x000000002bbb0000,0x000000002bcb0000)]
  0x000000001ec6a000 JavaThread "jar transforms Thread 283" [_thread_blocked, id=13644, stack(0x000000002b4d0000,0x000000002b5d0000)]
  0x000000001ec6f000 JavaThread "jar transforms Thread 282" [_thread_blocked, id=19384, stack(0x0000000029fe0000,0x000000002a0e0000)]
  0x000000001ec71000 JavaThread "jar transforms Thread 281" [_thread_blocked, id=20436, stack(0x0000000029ee0000,0x0000000029fe0000)]
  0x000000001ec6e800 JavaThread "jar transforms Thread 280" [_thread_blocked, id=14620, stack(0x0000000029b60000,0x0000000029c60000)]
  0x000000001ec70000 JavaThread "jar transforms Thread 279" [_thread_blocked, id=20828, stack(0x0000000029a60000,0x0000000029b60000)]
  0x000000001ec6d800 JavaThread "jar transforms Thread 278" [_thread_blocked, id=12676, stack(0x0000000029960000,0x0000000029a60000)]
  0x000000001ec6c000 JavaThread "jar transforms Thread 277" [_thread_blocked, id=7140, stack(0x0000000029860000,0x0000000029960000)]
  0x000000001ec6d000 JavaThread "jar transforms Thread 276" [_thread_blocked, id=18512, stack(0x0000000029760000,0x0000000029860000)]
  0x000000001ec62800 JavaThread "jar transforms Thread 275" [_thread_blocked, id=14604, stack(0x0000000029660000,0x0000000029760000)]
  0x000000001ec69000 JavaThread "jar transforms Thread 274" [_thread_blocked, id=5532, stack(0x0000000029560000,0x0000000029660000)]
  0x000000001ec61800 JavaThread "jar transforms Thread 273" [_thread_blocked, id=21096, stack(0x0000000029460000,0x0000000029560000)]
  0x000000001ec64000 JavaThread "jar transforms Thread 272" [_thread_blocked, id=1992, stack(0x0000000029360000,0x0000000029460000)]
  0x000000001ec68800 JavaThread "jar transforms Thread 271" [_thread_blocked, id=20184, stack(0x0000000029260000,0x0000000029360000)]
  0x000000001ec63000 JavaThread "jar transforms Thread 270" [_thread_blocked, id=16144, stack(0x0000000029160000,0x0000000029260000)]
  0x000000001a8a2000 JavaThread "jar transforms Thread 269" [_thread_blocked, id=18484, stack(0x0000000029060000,0x0000000029160000)]
  0x000000001a8a1000 JavaThread "jar transforms Thread 268" [_thread_blocked, id=11468, stack(0x0000000028f60000,0x0000000029060000)]
  0x000000001a89f000 JavaThread "jar transforms Thread 267" [_thread_blocked, id=21916, stack(0x0000000028e60000,0x0000000028f60000)]
  0x000000001a8a0800 JavaThread "jar transforms Thread 266" [_thread_blocked, id=21992, stack(0x0000000028d60000,0x0000000028e60000)]
  0x000000001a89f800 JavaThread "jar transforms Thread 265" [_thread_blocked, id=12956, stack(0x0000000028c60000,0x0000000028d60000)]
  0x000000001a897800 JavaThread "jar transforms Thread 264" [_thread_blocked, id=22192, stack(0x0000000028b60000,0x0000000028c60000)]
  0x000000001a898000 JavaThread "jar transforms Thread 263" [_thread_blocked, id=16004, stack(0x0000000028a60000,0x0000000028b60000)]
  0x000000001a89e000 JavaThread "jar transforms Thread 262" [_thread_blocked, id=6120, stack(0x0000000028960000,0x0000000028a60000)]
  0x000000001a896800 JavaThread "jar transforms Thread 261" [_thread_blocked, id=10720, stack(0x0000000028860000,0x0000000028960000)]
  0x000000001a89d800 JavaThread "jar transforms Thread 260" [_thread_blocked, id=11652, stack(0x0000000028760000,0x0000000028860000)]
  0x000000001a89c800 JavaThread "jar transforms Thread 259" [_thread_blocked, id=19636, stack(0x0000000028660000,0x0000000028760000)]
  0x000000001a896000 JavaThread "jar transforms Thread 258" [_thread_blocked, id=13800, stack(0x0000000028560000,0x0000000028660000)]
  0x000000001a894000 JavaThread "jar transforms Thread 257" [_thread_blocked, id=12968, stack(0x0000000028460000,0x0000000028560000)]
  0x000000001a89b000 JavaThread "jar transforms Thread 256" [_thread_blocked, id=6640, stack(0x0000000028360000,0x0000000028460000)]
  0x000000001a893800 JavaThread "jar transforms Thread 255" [_thread_blocked, id=12528, stack(0x0000000028260000,0x0000000028360000)]
  0x000000001a895000 JavaThread "jar transforms Thread 254" [_thread_blocked, id=21316, stack(0x0000000028160000,0x0000000028260000)]
  0x000000001a89a800 JavaThread "jar transforms Thread 253" [_thread_blocked, id=16640, stack(0x0000000028060000,0x0000000028160000)]
  0x000000001a892800 JavaThread "jar transforms Thread 252" [_thread_blocked, id=5392, stack(0x0000000027f60000,0x0000000028060000)]
  0x000000001a899800 JavaThread "jar transforms Thread 251" [_thread_blocked, id=19752, stack(0x0000000027e60000,0x0000000027f60000)]
  0x000000001a899000 JavaThread "jar transforms Thread 250" [_thread_blocked, id=22164, stack(0x0000000027d60000,0x0000000027e60000)]
  0x000000002c404000 JavaThread "jar transforms Thread 249" [_thread_blocked, id=19764, stack(0x0000000027c60000,0x0000000027d60000)]
  0x000000002c401000 JavaThread "jar transforms Thread 248" [_thread_blocked, id=13540, stack(0x0000000027b60000,0x0000000027c60000)]
  0x000000002c3fc800 JavaThread "jar transforms Thread 247" [_thread_blocked, id=16944, stack(0x0000000027a60000,0x0000000027b60000)]
  0x000000002c400800 JavaThread "jar transforms Thread 246" [_thread_blocked, id=15780, stack(0x0000000027960000,0x0000000027a60000)]
  0x000000002c3ff000 JavaThread "jar transforms Thread 245" [_thread_blocked, id=248, stack(0x0000000027860000,0x0000000027960000)]
  0x000000002c403800 JavaThread "jar transforms Thread 244" [_thread_blocked, id=19748, stack(0x0000000027760000,0x0000000027860000)]
  0x000000002c3fe000 JavaThread "jar transforms Thread 243" [_thread_blocked, id=11716, stack(0x0000000027660000,0x0000000027760000)]
  0x000000002c3ff800 JavaThread "jar transforms Thread 242" [_thread_blocked, id=11828, stack(0x0000000027560000,0x0000000027660000)]
  0x000000002c3fc000 JavaThread "jar transforms Thread 241" [_thread_blocked, id=21040, stack(0x0000000027460000,0x0000000027560000)]
  0x000000002c402800 JavaThread "jar transforms Thread 240" [_thread_blocked, id=2824, stack(0x0000000027130000,0x0000000027230000)]
  0x000000002c3fd800 JavaThread "jar transforms Thread 239" [_thread_blocked, id=17880, stack(0x0000000026030000,0x0000000026130000)]
  0x000000002c402000 JavaThread "jar transforms Thread 238" [_thread_blocked, id=7764, stack(0x0000000025f30000,0x0000000026030000)]
  0x000000002c3f4800 JavaThread "jar transforms Thread 237" [_thread_blocked, id=10964, stack(0x0000000022f30000,0x0000000023030000)]
  0x000000002c3fb000 JavaThread "jar transforms Thread 236" [_thread_blocked, id=22204, stack(0x0000000022e30000,0x0000000022f30000)]
  0x000000002c3fa800 JavaThread "jar transforms Thread 235" [_thread_blocked, id=20904, stack(0x0000000022d30000,0x0000000022e30000)]
  0x000000002c3f9000 JavaThread "jar transforms Thread 234" [_thread_blocked, id=17500, stack(0x00000000228e0000,0x00000000229e0000)]
  0x000000002c3f9800 JavaThread "jar transforms Thread 233" [_thread_blocked, id=5548, stack(0x00000000227e0000,0x00000000228e0000)]
  0x000000002c3f2000 JavaThread "jar transforms Thread 232" [_thread_blocked, id=20064, stack(0x00000000226e0000,0x00000000227e0000)]
  0x000000002c3f1800 JavaThread "jar transforms Thread 231" [_thread_blocked, id=19932, stack(0x00000000225e0000,0x00000000226e0000)]
  0x000000002c3f8000 JavaThread "Build operations Thread 4" [_thread_blocked, id=8524, stack(0x0000000021de0000,0x0000000021ee0000)]
  0x000000002c3f6000 JavaThread "Build operations Thread 3" [_thread_blocked, id=20144, stack(0x00000000215e0000,0x00000000216e0000)]
  0x000000002c3f5000 JavaThread "Build operations Thread 2" [_thread_blocked, id=22368, stack(0x00000000214e0000,0x00000000215e0000)]
  0x000000002c3e8000 JavaThread "Build operations" [_thread_blocked, id=20528, stack(0x0000000020190000,0x0000000020290000)]
  0x000000002c3ef000 JavaThread "Cache worker for cache directory md-rule (C:\Users\admin\.gradle\caches\6.5\md-rule)" [_thread_blocked, id=18548, stack(0x0000000020090000,0x0000000020190000)]
  0x000000002c3e7800 JavaThread "Cache worker for cache directory md-supplier (C:\Users\admin\.gradle\caches\6.5\md-supplier)" [_thread_blocked, id=19812, stack(0x000000001d6f0000,0x000000001d7f0000)]
  0x000000002c3ee000 JavaThread "Cache worker for checksums cache (D:\NectarGit\Playdate\android_PlayDate\.gradle\checksums)" [_thread_blocked, id=20820, stack(0x000000001d5f0000,0x000000001d6f0000)]
  0x000000002c3e6800 JavaThread "Cache worker for file hash cache (D:\NectarGit\Playdate\android_PlayDate\.gradle\6.5\fileHashes)" [_thread_blocked, id=4672, stack(0x000000001d4f0000,0x000000001d5f0000)]
  0x000000002c3ed800 JavaThread "Thread-301" [_thread_blocked, id=11564, stack(0x000000001d3f0000,0x000000001d4f0000)]
  0x000000002c3e6000 JavaThread "Stdin handler" [_thread_blocked, id=22492, stack(0x000000001d2f0000,0x000000001d3f0000)]
  0x000000002c3e9000 JavaThread "Asynchronous log dispatcher for DefaultDaemonConnection: socket connection from /127.0.0.1:53124 to /127.0.0.1:53343" [_thread_blocked, id=11372, stack(0x000000001cff0000,0x000000001d0f0000)]
  0x000000002c3ec800 JavaThread "Daemon worker Thread 3" [_thread_in_Java, id=21564, stack(0x000000001cef0000,0x000000001cff0000)]
  0x000000002c3e5000 JavaThread "Cancel handler" [_thread_blocked, id=16108, stack(0x000000001cab0000,0x000000001cbb0000)]
  0x000000002c3ea800 JavaThread "Handler for socket connection from /127.0.0.1:53124 to /127.0.0.1:53343" [_thread_in_native, id=10096, stack(0x000000001c9b0000,0x000000001cab0000)]
  0x000000002c3eb000 JavaThread "Daemon Thread 3" [_thread_blocked, id=2876, stack(0x0000000001540000,0x0000000001640000)]
  0x000000001f0d6000 JavaThread "Cache worker for Java compile cache (C:\Users\admin\.gradle\caches\6.5\javaCompile)" [_thread_blocked, id=19052, stack(0x000000002eaa0000,0x000000002eba0000)]
  0x000000001f0cd800 JavaThread "RMI Reaper" [_thread_blocked, id=16576, stack(0x000000002e6a0000,0x000000002e7a0000)]
  0x000000001f0d4800 JavaThread "RMI TCP Accept-0" daemon [_thread_in_native, id=4396, stack(0x000000002e5a0000,0x000000002e6a0000)]
  0x000000001f0d3800 JavaThread "GC Daemon" daemon [_thread_blocked, id=19120, stack(0x000000002e4a0000,0x000000002e5a0000)]
  0x000000001f0d1800 JavaThread "RMI Scheduler(0)" daemon [_thread_blocked, id=20424, stack(0x000000002e2a0000,0x000000002e3a0000)]
  0x000000001fde8000 JavaThread "Memory manager" [_thread_blocked, id=18912, stack(0x000000002a140000,0x000000002a240000)]
  0x000000001b836800 JavaThread "Cache worker for file content cache (C:\Users\admin\.gradle\caches\6.5\fileContent)" [_thread_blocked, id=4532, stack(0x0000000021ee0000,0x0000000021fe0000)]
  0x000000001b834000 JavaThread "Cache worker for execution history cache (C:\Users\admin\.gradle\caches\6.5\executionHistory)" [_thread_blocked, id=21084, stack(0x00000000216e0000,0x00000000217e0000)]
  0x000000001b837000 JavaThread "Cache worker for file hash cache (C:\Users\admin\.gradle\caches\6.5\fileHashes)" [_thread_blocked, id=20080, stack(0x000000001dbf0000,0x000000001dcf0000)]
  0x000000001b835000 JavaThread "File lock request listener" [_thread_in_native, id=21036, stack(0x000000001daf0000,0x000000001dbf0000)]
  0x000000001b7e4800 JavaThread "Cache worker for journal cache (C:\Users\admin\.gradle\caches\journal-1)" [_thread_blocked, id=1848, stack(0x000000001d9f0000,0x000000001daf0000)]
  0x000000001b6b6800 JavaThread "Daemon periodic checks" [_thread_blocked, id=21900, stack(0x000000001cdf0000,0x000000001cef0000)]
  0x000000001b63f000 JavaThread "Incoming local TCP Connector on port 53124" [_thread_in_native, id=20948, stack(0x000000001cbb0000,0x000000001ccb0000)]
  0x000000001b57c000 JavaThread "Daemon health stats" [_thread_blocked, id=15028, stack(0x000000001c570000,0x000000001c670000)]
  0x0000000019600800 JavaThread "Service Thread" daemon [_thread_blocked, id=7976, stack(0x00000000199d0000,0x0000000019ad0000)]
  0x0000000017c8d800 JavaThread "C1 CompilerThread2" daemon [_thread_blocked, id=11532, stack(0x00000000194d0000,0x00000000195d0000)]
  0x0000000017c86000 JavaThread "C2 CompilerThread1" daemon [_thread_in_native, id=6912, stack(0x00000000193d0000,0x00000000194d0000)]
=>0x0000000017c77800 JavaThread "C2 CompilerThread0" daemon [_thread_in_native, id=11740, stack(0x00000000192d0000,0x00000000193d0000)]
  0x0000000017c72800 JavaThread "Attach Listener" daemon [_thread_blocked, id=7660, stack(0x00000000191d0000,0x00000000192d0000)]
  0x0000000017c72000 JavaThread "Signal Dispatcher" daemon [_thread_blocked, id=20760, stack(0x00000000190d0000,0x00000000191d0000)]
  0x000000000304b000 JavaThread "Finalizer" daemon [_thread_blocked, id=968, stack(0x0000000018ed0000,0x0000000018fd0000)]
  0x0000000017c59000 JavaThread "Reference Handler" daemon [_thread_blocked, id=6808, stack(0x0000000018dd0000,0x0000000018ed0000)]
  0x0000000000dbd800 JavaThread "main" [_thread_blocked, id=11444, stack(0x0000000002de0000,0x0000000002ee0000)]

Other Threads:
  0x0000000017c36000 VMThread [stack: 0x0000000018cd0000,0x0000000018dd0000] [id=12492]
  0x0000000017cb9000 WatcherThread [stack: 0x0000000019ad0000,0x0000000019bd0000] [id=17680]

VM state:not at safepoint (normal execution)

VM Mutex/Monitor currently owned by a thread: None

heap address: 0x0000000080000000, size: 2048 MB, Compressed Oops mode: 32-bit
Narrow klass base: 0x0000000000000000, Narrow klass shift: 3
Compressed class space size: 1073741824 Address: 0x0000000100000000

Heap:
 PSYoungGen      total 514560K, used 348302K [0x00000000d5580000, 0x0000000100000000, 0x0000000100000000)
  eden space 347648K, 72% used [0x00000000d5580000,0x00000000e4aa2fc8,0x00000000ea900000)
  from space 166912K, 58% used [0x00000000ea900000,0x00000000f0800888,0x00000000f4c00000)
  to   space 167936K, 0% used [0x00000000f5c00000,0x00000000f5c00000,0x0000000100000000)
 ParOldGen       total 338432K, used 179468K [0x0000000080000000, 0x0000000094a80000, 0x00000000d5580000)
  object space 338432K, 53% used [0x0000000080000000,0x000000008af43120,0x0000000094a80000)
 Metaspace       used 124948K, capacity 130668K, committed 130712K, reserved 1163264K
  class space    used 15688K, capacity 16787K, committed 16816K, reserved 1048576K

Card table byte_map: [0x0000000012410000,0x0000000012820000] byte_map_base: 0x0000000012010000

Marking Bits: (ParMarkBitMap*) 0x00000000701af030
 Begin Bits: [0x0000000012ed0000, 0x0000000014ed0000)
 End Bits:   [0x0000000014ed0000, 0x0000000016ed0000)

Polling page: 0x0000000001220000

CodeCache: size=245760Kb used=72262Kb max_used=73334Kb free=173497Kb
 bounds [0x0000000003050000, 0x0000000007860000, 0x0000000012050000]
 total_blobs=21689 nmethods=20748 adapters=850
 compilation: enabled

Compilation events (10 events):
Event: 786.693 Thread 0x0000000017c8d800 26739       3       java.util.Formatter$FormatSpecifier::checkNumeric (168 bytes)
Event: 786.696 Thread 0x0000000017c8d800 nmethod 26739 0x0000000004f923d0 code [0x0000000004f92640, 0x0000000004f93298]
Event: 786.698 Thread 0x0000000017c86000 nmethod 26738 0x0000000006e38350 code [0x0000000006e38780, 0x0000000006e3a620]
Event: 786.698 Thread 0x0000000017c86000 26737       4       com.android.ide.common.resources.FileResourceNameValidator::isValidCharacter (36 bytes)
Event: 786.700 Thread 0x0000000017c86000 nmethod 26737 0x00000000050eaa90 code [0x00000000050eabc0, 0x00000000050eac58]
Event: 786.701 Thread 0x0000000017c86000 26735       4       java.util.stream.Nodes$IntSpinedNodeBuilder::accept (29 bytes)
Event: 786.711 Thread 0x0000000017c86000 nmethod 26735 0x000000000554bfd0 code [0x000000000554c140, 0x000000000554c508]
Event: 786.712 Thread 0x0000000017c86000 26736       4       java.util.stream.SpinedBuffer$OfPrimitive::preAccept (80 bytes)
Event: 786.720 Thread 0x0000000017c86000 nmethod 26736 0x0000000004741e50 code [0x0000000004741fc0, 0x00000000047422e8]
Event: 786.720 Thread 0x0000000017c86000 26731       4       com.google.common.base.Splitter$1$1::separatorStart (16 bytes)

GC Heap History (10 events):
Event: 478.233 GC heap before
{Heap before GC invocations=29 (full 4):
 PSYoungGen      total 409600K, used 366883K [0x00000000d5580000, 0x00000000f5200000, 0x0000000100000000)
  eden space 304640K, 100% used [0x00000000d5580000,0x00000000e7f00000,0x00000000e7f00000)
  from space 104960K, 59% used [0x00000000ee680000,0x00000000f2348c28,0x00000000f4d00000)
  to   space 105984K, 0% used [0x00000000e7f00000,0x00000000e7f00000,0x00000000ee680000)
 ParOldGen       total 338432K, used 148883K [0x0000000080000000, 0x0000000094a80000, 0x00000000d5580000)
  object space 338432K, 43% used [0x0000000080000000,0x0000000089164e98,0x0000000094a80000)
 Metaspace       used 115160K, capacity 120490K, committed 120728K, reserved 1155072K
  class space    used 14688K, capacity 15702K, committed 15792K, reserved 1048576K
Event: 479.277 GC heap after
Heap after GC invocations=29 (full 4):
 PSYoungGen      total 410624K, used 92959K [0x00000000d5580000, 0x00000000f8700000, 0x0000000100000000)
  eden space 304640K, 0% used [0x00000000d5580000,0x00000000d5580000,0x00000000e7f00000)
  from space 105984K, 87% used [0x00000000e7f00000,0x00000000ed9c7e80,0x00000000ee680000)
  to   space 118272K, 0% used [0x00000000f1380000,0x00000000f1380000,0x00000000f8700000)
 ParOldGen       total 338432K, used 148883K [0x0000000080000000, 0x0000000094a80000, 0x00000000d5580000)
  object space 338432K, 43% used [0x0000000080000000,0x0000000089164e98,0x0000000094a80000)
 Metaspace       used 115160K, capacity 120490K, committed 120728K, reserved 1155072K
  class space    used 14688K, capacity 15702K, committed 15792K, reserved 1048576K
}
Event: 494.409 GC heap before
{Heap before GC invocations=30 (full 4):
 PSYoungGen      total 410624K, used 397599K [0x00000000d5580000, 0x00000000f8700000, 0x0000000100000000)
  eden space 304640K, 100% used [0x00000000d5580000,0x00000000e7f00000,0x00000000e7f00000)
  from space 105984K, 87% used [0x00000000e7f00000,0x00000000ed9c7e80,0x00000000ee680000)
  to   space 118272K, 0% used [0x00000000f1380000,0x00000000f1380000,0x00000000f8700000)
 ParOldGen       total 338432K, used 148883K [0x0000000080000000, 0x0000000094a80000, 0x00000000d5580000)
  object space 338432K, 43% used [0x0000000080000000,0x0000000089164e98,0x0000000094a80000)
 Metaspace       used 115353K, capacity 120674K, committed 120984K, reserved 1155072K
  class space    used 14693K, capacity 15710K, committed 15792K, reserved 1048576K
Event: 494.544 GC heap after
Heap after GC invocations=30 (full 4):
 PSYoungGen      total 446464K, used 61207K [0x00000000d5580000, 0x00000000f8000000, 0x0000000100000000)
  eden space 335360K, 0% used [0x00000000d5580000,0x00000000d5580000,0x00000000e9d00000)
  from space 111104K, 55% used [0x00000000f1380000,0x00000000f4f45fb0,0x00000000f8000000)
  to   space 116224K, 0% used [0x00000000e9d00000,0x00000000e9d00000,0x00000000f0e80000)
 ParOldGen       total 338432K, used 148883K [0x0000000080000000, 0x0000000094a80000, 0x00000000d5580000)
  object space 338432K, 43% used [0x0000000080000000,0x0000000089164e98,0x0000000094a80000)
 Metaspace       used 115353K, capacity 120674K, committed 120984K, reserved 1155072K
  class space    used 14693K, capacity 15710K, committed 15792K, reserved 1048576K
}
Event: 511.555 GC heap before
{Heap before GC invocations=31 (full 4):
 PSYoungGen      total 446464K, used 396567K [0x00000000d5580000, 0x00000000f8000000, 0x0000000100000000)
  eden space 335360K, 100% used [0x00000000d5580000,0x00000000e9d00000,0x00000000e9d00000)
  from space 111104K, 55% used [0x00000000f1380000,0x00000000f4f45fb0,0x00000000f8000000)
  to   space 116224K, 0% used [0x00000000e9d00000,0x00000000e9d00000,0x00000000f0e80000)
 ParOldGen       total 338432K, used 148883K [0x0000000080000000, 0x0000000094a80000, 0x00000000d5580000)
  object space 338432K, 43% used [0x0000000080000000,0x0000000089164e98,0x0000000094a80000)
 Metaspace       used 123051K, capacity 128574K, committed 128792K, reserved 1161216K
  class space    used 15547K, capacity 16586K, committed 16688K, reserved 1048576K
Event: 511.903 GC heap after
Heap after GC invocations=31 (full 4):
 PSYoungGen      total 451584K, used 116219K [0x00000000d5580000, 0x00000000fda00000, 0x0000000100000000)
  eden space 335360K, 0% used [0x00000000d5580000,0x00000000d5580000,0x00000000e9d00000)
  from space 116224K, 99% used [0x00000000e9d00000,0x00000000f0e7eff8,0x00000000f0e80000)
  to   space 145408K, 0% used [0x00000000f4c00000,0x00000000f4c00000,0x00000000fda00000)
 ParOldGen       total 338432K, used 179452K [0x0000000080000000, 0x0000000094a80000, 0x00000000d5580000)
  object space 338432K, 53% used [0x0000000080000000,0x000000008af3f120,0x0000000094a80000)
 Metaspace       used 123051K, capacity 128574K, committed 128792K, reserved 1161216K
  class space    used 15547K, capacity 16586K, committed 16688K, reserved 1048576K
}
Event: 515.727 GC heap before
{Heap before GC invocations=32 (full 4):
 PSYoungGen      total 451584K, used 451579K [0x00000000d5580000, 0x00000000fda00000, 0x0000000100000000)
  eden space 335360K, 100% used [0x00000000d5580000,0x00000000e9d00000,0x00000000e9d00000)
  from space 116224K, 99% used [0x00000000e9d00000,0x00000000f0e7eff8,0x00000000f0e80000)
  to   space 145408K, 0% used [0x00000000f4c00000,0x00000000f4c00000,0x00000000fda00000)
 ParOldGen       total 338432K, used 179452K [0x0000000080000000, 0x0000000094a80000, 0x00000000d5580000)
  object space 338432K, 53% used [0x0000000080000000,0x000000008af3f120,0x0000000094a80000)
 Metaspace       used 124002K, capacity 129570K, committed 129816K, reserved 1163264K
  class space    used 15630K, capacity 16658K, committed 16688K, reserved 1048576K
Event: 516.002 GC heap after
Heap after GC invocations=32 (full 4):
 PSYoungGen      total 493056K, used 140073K [0x00000000d5580000, 0x0000000100000000, 0x0000000100000000)
  eden space 347648K, 0% used [0x00000000d5580000,0x00000000d5580000,0x00000000ea900000)
  from space 145408K, 96% used [0x00000000f4c00000,0x00000000fd4ca438,0x00000000fda00000)
  to   space 166912K, 0% used [0x00000000ea900000,0x00000000ea900000,0x00000000f4c00000)
 ParOldGen       total 338432K, used 179460K [0x0000000080000000, 0x0000000094a80000, 0x00000000d5580000)
  object space 338432K, 53% used [0x0000000080000000,0x000000008af41120,0x0000000094a80000)
 Metaspace       used 124002K, capacity 129570K, committed 129816K, reserved 1163264K
  class space    used 15630K, capacity 16658K, committed 16688K, reserved 1048576K
}
Event: 523.501 GC heap before
{Heap before GC invocations=33 (full 4):
 PSYoungGen      total 493056K, used 487721K [0x00000000d5580000, 0x0000000100000000, 0x0000000100000000)
  eden space 347648K, 100% used [0x00000000d5580000,0x00000000ea900000,0x00000000ea900000)
  from space 145408K, 96% used [0x00000000f4c00000,0x00000000fd4ca438,0x00000000fda00000)
  to   space 166912K, 0% used [0x00000000ea900000,0x00000000ea900000,0x00000000f4c00000)
 ParOldGen       total 338432K, used 179460K [0x0000000080000000, 0x0000000094a80000, 0x00000000d5580000)
  object space 338432K, 53% used [0x0000000080000000,0x000000008af41120,0x0000000094a80000)
 Metaspace       used 124608K, capacity 130228K, committed 130456K, reserved 1163264K
  class space    used 15675K, capacity 16769K, committed 16816K, reserved 1048576K
Event: 523.699 GC heap after
Heap after GC invocations=33 (full 4):
 PSYoungGen      total 514560K, used 97282K [0x00000000d5580000, 0x0000000100000000, 0x0000000100000000)
  eden space 347648K, 0% used [0x00000000d5580000,0x00000000d5580000,0x00000000ea900000)
  from space 166912K, 58% used [0x00000000ea900000,0x00000000f0800888,0x00000000f4c00000)
  to   space 167936K, 0% used [0x00000000f5c00000,0x00000000f5c00000,0x0000000100000000)
 ParOldGen       total 338432K, used 179468K [0x0000000080000000, 0x0000000094a80000, 0x00000000d5580000)
  object space 338432K, 53% used [0x0000000080000000,0x000000008af43120,0x0000000094a80000)
 Metaspace       used 124608K, capacity 130228K, committed 130456K, reserved 1163264K
  class space    used 15675K, capacity 16769K, committed 16816K, reserved 1048576K
}

Deoptimization events (10 events):
Event: 779.031 Thread 0x000000002c3ec800 Uncommon trap: reason=class_check action=maybe_recompile pc=0x0000000005bfc60c method=com.google.common.collect.ImmutableMultimap$Builder.put(Ljava/lang/Object;Ljava/lang/Object;)Lcom/google/common/collect/ImmutableMultimap$Builder; @ 29
Event: 779.032 Thread 0x000000002c3ec800 Uncommon trap: reason=class_check action=maybe_recompile pc=0x0000000005bfc60c method=com.google.common.collect.ImmutableMultimap$Builder.put(Ljava/lang/Object;Ljava/lang/Object;)Lcom/google/common/collect/ImmutableMultimap$Builder; @ 29
Event: 779.096 Thread 0x000000002c3ec800 Uncommon trap: reason=predicate action=maybe_recompile pc=0x0000000006f25dc8 method=com.google.common.collect.RegularImmutableMap.fromEntryArray(I[Ljava/util/Map$Entry;)Lcom/google/common/collect/ImmutableMap; @ 62
Event: 779.807 Thread 0x000000002c3ec800 Uncommon trap: reason=predicate action=maybe_recompile pc=0x00000000054ab254 method=java.util.ComparableTimSort.binarySort([Ljava/lang/Object;III)V @ 37
Event: 781.373 Thread 0x000000002c3ec800 Uncommon trap: reason=class_check action=maybe_recompile pc=0x0000000006b429e0 method=java.util.Spliterators$ArraySpliterator.tryAdvance(Ljava/util/function/Consumer;)Z @ 49
Event: 781.560 Thread 0x000000002c3ec800 Uncommon trap: reason=class_check action=maybe_recompile pc=0x0000000006b429e0 method=java.util.Spliterators$ArraySpliterator.tryAdvance(Ljava/util/function/Consumer;)Z @ 49
Event: 781.743 Thread 0x000000002c3ec800 Uncommon trap: reason=array_check action=maybe_recompile pc=0x0000000004bc3984 method=java.util.ComparableTimSort.binarySort([Ljava/lang/Object;III)V @ 215
Event: 782.291 Thread 0x000000002c3e9000 Uncommon trap: reason=unstable_if action=reinterpret pc=0x0000000004409730 method=com.esotericsoftware.kryo.io.Output.writeVarLong(JZ)I @ 55
Event: 786.521 Thread 0x000000002c3ec800 Uncommon trap: reason=bimorphic action=maybe_recompile pc=0x000000000496a2b0 method=com.sun.org.apache.xerces.internal.dom.ElementImpl.getAttributes()Lorg/w3c/dom/NamedNodeMap; @ 8
Event: 786.521 Thread 0x000000002c3ec800 Uncommon trap: reason=speculate_class_check action=maybe_recompile pc=0x0000000005057fec method=com.android.ide.common.resources.ResourceMergerItem.getKey()Ljava/lang/String; @ 35

Classes redefined (0 events):
No events

Internal exceptions (10 events):
Event: 520.719 Thread 0x000000002c3e5000 Exception <a 'sun/nio/fs/WindowsException'> (0x00000000e84b39b8) thrown at [C:\src\AOSP-openjdk-git\hotspot\src\share\vm\prims\jni.cpp, line 710]
Event: 520.725 Thread 0x000000002c3e5000 Exception <a 'sun/nio/fs/WindowsException'> (0x00000000e8500700) thrown at [C:\src\AOSP-openjdk-git\hotspot\src\share\vm\prims\jni.cpp, line 710]
Event: 520.727 Thread 0x000000002c3e5000 Exception <a 'sun/nio/fs/WindowsException'> (0x00000000e854a938) thrown at [C:\src\AOSP-openjdk-git\hotspot\src\share\vm\prims\jni.cpp, line 710]
Event: 523.344 Thread 0x000000002c3ea800 Exception <a 'sun/nio/fs/WindowsException'> (0x00000000e8d7a7d0) thrown at [C:\src\AOSP-openjdk-git\hotspot\src\share\vm\prims\jni.cpp, line 710]
Event: 524.467 Thread 0x000000002c3f1800 Exception <a 'sun/nio/fs/WindowsException'> (0x00000000d7bfe140) thrown at [C:\src\AOSP-openjdk-git\hotspot\src\share\vm\prims\jni.cpp, line 710]
Event: 525.457 Thread 0x000000001eb51000 Implicit null exception at 0x0000000006a6e4fb to 0x0000000006a6fe0d
Event: 661.679 Thread 0x000000002c3e6000 Implicit null exception at 0x0000000004373681 to 0x0000000004373a45
Event: 774.154 Thread 0x000000002c3ec800 Implicit null exception at 0x000000000734d95b to 0x0000000007352a01
Event: 779.351 Thread 0x000000002c3ec800 Exception <a 'sun/nio/fs/WindowsException'> (0x00000000dd18f318) thrown at [C:\src\AOSP-openjdk-git\hotspot\src\share\vm\prims\jni.cpp, line 710]
Event: 781.434 Thread 0x000000002c3ec800 Exception <a 'sun/nio/fs/WindowsException'> (0x00000000dda94008) thrown at [C:\src\AOSP-openjdk-git\hotspot\src\share\vm\prims\jni.cpp, line 710]

Events (10 events):
Event: 786.455 Thread 0x000000002c3ec800 DEOPT PACKING pc=0x0000000006cadf8d sp=0x000000001cfe8990
Event: 786.455 Thread 0x000000002c3ec800 DEOPT UNPACKING pc=0x00000000030975d0 sp=0x000000001cfe88a8 mode 0
Event: 786.521 Thread 0x000000002c3ec800 Uncommon trap: trap_request=0xffffffc6 fr.pc=0x000000000496a2b0
Event: 786.521 Thread 0x000000002c3ec800 DEOPT PACKING pc=0x000000000496a2b0 sp=0x000000001cfe8930
Event: 786.521 Thread 0x000000002c3ec800 DEOPT UNPACKING pc=0x000000000309557b sp=0x000000001cfe8900 mode 2
Event: 786.521 Thread 0x000000002c3ec800 Uncommon trap: trap_request=0xffffff76 fr.pc=0x0000000005057fec
Event: 786.521 Thread 0x000000002c3ec800 DEOPT PACKING pc=0x0000000005057fec sp=0x000000001cfe8bd0
Event: 786.521 Thread 0x000000002c3ec800 DEOPT UNPACKING pc=0x000000000309557b sp=0x000000001cfe8b28 mode 2
Event: 786.666 Thread 0x000000002c3ec800 DEOPT PACKING pc=0x0000000006cadf8d sp=0x000000001cfe8990
Event: 786.666 Thread 0x000000002c3ec800 DEOPT UNPACKING pc=0x00000000030975d0 sp=0x000000001cfe88a8 mode 0


Dynamic libraries:
0x00007ff6c6540000 - 0x00007ff6c6571000 	C:\Program Files\Android\Android Studio\jre\bin\java.exe
0x00007ffe98d50000 - 0x00007ffe98f45000 	C:\WINDOWS\SYSTEM32\ntdll.dll
0x00007ffe970f0000 - 0x00007ffe971ad000 	C:\WINDOWS\System32\KERNEL32.DLL
0x00007ffe96520000 - 0x00007ffe967e8000 	C:\WINDOWS\System32\KERNELBASE.dll
0x00007ffe98510000 - 0x00007ffe985bc000 	C:\WINDOWS\System32\ADVAPI32.dll
0x00007ffe972d0000 - 0x00007ffe9736e000 	C:\WINDOWS\System32\msvcrt.dll
0x00007ffe97230000 - 0x00007ffe972cb000 	C:\WINDOWS\System32\sechost.dll
0x00007ffe97c20000 - 0x00007ffe97d4b000 	C:\WINDOWS\System32\RPCRT4.dll
0x00007ffe974c0000 - 0x00007ffe97660000 	C:\WINDOWS\System32\USER32.dll
0x00007ffe96b30000 - 0x00007ffe96b52000 	C:\WINDOWS\System32\win32u.dll
0x00007ffe98220000 - 0x00007ffe9824a000 	C:\WINDOWS\System32\GDI32.dll
0x00007ffe967f0000 - 0x00007ffe968fb000 	C:\WINDOWS\System32\gdi32full.dll
0x00007ffe96b60000 - 0x00007ffe96bfd000 	C:\WINDOWS\System32\msvcp_win.dll
0x00007ffe96900000 - 0x00007ffe96a00000 	C:\WINDOWS\System32\ucrtbase.dll
0x00007ffe863d0000 - 0x00007ffe8666a000 	C:\WINDOWS\WinSxS\amd64_microsoft.windows.common-controls_6595b64144ccf1df_6.0.19041.844_none_ca00b6081b84eb1d\COMCTL32.dll
0x00007ffe979d0000 - 0x00007ffe97a00000 	C:\WINDOWS\System32\IMM32.DLL
0x000000006f900000 - 0x000000006f9d2000 	C:\Program Files\Android\Android Studio\jre\jre\bin\msvcr100.dll
0x000000006f9e0000 - 0x000000007022b000 	C:\Program Files\Android\Android Studio\jre\jre\bin\server\jvm.dll
0x00007ffe98300000 - 0x00007ffe98308000 	C:\WINDOWS\System32\PSAPI.DLL
0x00007ffe86eb0000 - 0x00007ffe86eb9000 	C:\WINDOWS\SYSTEM32\WSOCK32.dll
0x00007ffe877b0000 - 0x00007ffe877d7000 	C:\WINDOWS\SYSTEM32\WINMM.dll
0x00007ffe97ad0000 - 0x00007ffe97b3b000 	C:\WINDOWS\System32\WS2_32.dll
0x00007ffe858b0000 - 0x00007ffe858ba000 	C:\WINDOWS\SYSTEM32\VERSION.dll
0x00007ffe86e00000 - 0x00007ffe86e0f000 	C:\Program Files\Android\Android Studio\jre\jre\bin\verify.dll
0x00007ffe81370000 - 0x00007ffe81399000 	C:\Program Files\Android\Android Studio\jre\jre\bin\java.dll
0x00007ffe81670000 - 0x00007ffe81686000 	C:\Program Files\Android\Android Studio\jre\jre\bin\zip.dll
0x00007ffe985c0000 - 0x00007ffe98d02000 	C:\WINDOWS\System32\SHELL32.dll
0x00007ffe945d0000 - 0x00007ffe94d61000 	C:\WINDOWS\SYSTEM32\windows.storage.dll
0x00007ffe97660000 - 0x00007ffe979b5000 	C:\WINDOWS\System32\combase.dll
0x00007ffe95f00000 - 0x00007ffe95f2c000 	C:\WINDOWS\SYSTEM32\Wldp.dll
0x00007ffe98250000 - 0x00007ffe982fe000 	C:\WINDOWS\System32\SHCORE.dll
0x00007ffe98310000 - 0x00007ffe98365000 	C:\WINDOWS\System32\shlwapi.dll
0x00007ffe963d0000 - 0x00007ffe963ef000 	C:\WINDOWS\SYSTEM32\profapi.dll
0x00007ffe7ff00000 - 0x00007ffe7ff1a000 	C:\Program Files\Android\Android Studio\jre\jre\bin\net.dll
0x00007ffe95c70000 - 0x00007ffe95cda000 	C:\WINDOWS\system32\mswsock.dll
0x00007ffe7fdf0000 - 0x00007ffe7fe03000 	C:\Program Files\Android\Android Studio\jre\jre\bin\nio.dll
0x00007ffe81710000 - 0x00007ffe81737000 	C:\Users\admin\.gradle\native\f6784746aeab05261644944871eae4fe03e0ef1612fff0a4a95f87b438bc6780\windows-amd64\native-platform.dll
0x00007ffe81a60000 - 0x00007ffe81a6d000 	C:\Program Files\Android\Android Studio\jre\jre\bin\management.dll
0x00007ffe95e50000 - 0x00007ffe95e68000 	C:\WINDOWS\SYSTEM32\CRYPTSP.dll
0x00007ffe955a0000 - 0x00007ffe955d4000 	C:\WINDOWS\system32\rsaenh.dll
0x00007ffe96490000 - 0x00007ffe964b7000 	C:\WINDOWS\System32\bcrypt.dll
0x00007ffe96390000 - 0x00007ffe963be000 	C:\WINDOWS\SYSTEM32\USERENV.dll
0x00007ffe96a00000 - 0x00007ffe96a80000 	C:\WINDOWS\System32\bcryptprimitives.dll
0x00007ffe95e40000 - 0x00007ffe95e4c000 	C:\WINDOWS\SYSTEM32\CRYPTBASE.dll
0x00007ffe95910000 - 0x00007ffe9594b000 	C:\WINDOWS\SYSTEM32\IPHLPAPI.DLL
0x00007ffe979c0000 - 0x00007ffe979c8000 	C:\WINDOWS\System32\NSI.dll
0x00007ffe8d910000 - 0x00007ffe8d927000 	C:\WINDOWS\SYSTEM32\dhcpcsvc6.DLL
0x00007ffe8e5b0000 - 0x00007ffe8e5cd000 	C:\WINDOWS\SYSTEM32\dhcpcsvc.DLL
0x00007ffe95960000 - 0x00007ffe95a2c000 	C:\WINDOWS\SYSTEM32\DNSAPI.dll
0x00007ffe8eec0000 - 0x00007ffe8eecb000 	C:\WINDOWS\SYSTEM32\WINNSI.DLL

VM Arguments:
jvm_args: -Xmx2048m -Dfile.encoding=UTF-8 -Duser.country=US -Duser.language=en -Duser.variant 
java_command: org.gradle.launcher.daemon.bootstrap.GradleDaemon 6.5
java_class_path (initial): C:\Users\admin\.gradle\wrapper\dists\gradle-6.5-bin\6nifqtx7604sqp1q6g8wikw7p\gradle-6.5\lib\gradle-launcher-6.5.jar
Launcher Type: SUN_STANDARD

Environment Variables:
PATH=C:\WINDOWS\system32;C:\WINDOWS;C:\WINDOWS\System32\Wbem;C:\WINDOWS\System32\WindowsPowerShell\v1.0\;C:\WINDOWS\System32\OpenSSH\;C:\Program Files\Git\cmd;C:\Program Files\dotnet\;C:\Program Files (x86)\dotnet\;C:\Users\admin\AppData\Local\Microsoft\WindowsApps;C:\Users\admin\flutter\bin;;C:\Users\admin\AppData\Local\Programs\Microsoft VS Code\bin;C:\Users\admin\.dotnet\tools
USERNAME=admin
OS=Windows_NT
PROCESSOR_IDENTIFIER=Intel64 Family 6 Model 69 Stepping 1, GenuineIntel



---------------  S Y S T E M  ---------------

OS: Windows 10.0 , 64 bit Build 19041 (10.0.19041.928)

CPU:total 4 (initial active 4) (2 cores per cpu, 2 threads per core) family 6 model 69 stepping 1, cmov, cx8, fxsr, mmx, sse, sse2, sse3, ssse3, sse4.1, sse4.2, popcnt, avx, avx2, aes, clmul, erms, lzcnt, ht, tsc, tscinvbit, bmi1, bmi2

Memory: 4k page, physical 8318808k(824232k free), swap 16181392k(3228k free)

vm_info: OpenJDK 64-Bit Server VM (25.242-b01) for windows-amd64 JRE (1.8.0_242-release-1644-b01), built by "builder" with MS VC++ 10.0 (VS2010)

time: Mon May 10 05:16:18 2021
timezone: India Standard Time
elapsed time: 786 seconds (0d 0h 13m 6s)

